● Video  --vid=1               (h264 1920x1080 23.9767 fps) [default]
● Audio  --aid=1  --alang=hin  (aac 2ch 44100 Hz 130 kbps) [default]
AO: [wasapi] 48000Hz stereo 2ch float
VO: [gpu] 1920x1080 yuv420p
AV: 00:00:00 / 00:23:40 (0%) A-V:  0.000 Cache: 3.1s/1MB
AV: 00:00:00 / 00:23:40 (0%) A-V:  0.000 Cache: 3.4s/2MB
AV: 00:00:00 / 00:23:40 (0%) A-V:  0.000 Cache: 4.0s/2MB
AV: 00:00:00 / 00:23:40 (0%) A-V:  0.000 Cache: 4.3s/2MB
AV: 00:00:00 / 00:23:40 (0%) A-V:  0.000 Cache: 4.5s/2MB
AV: 00:00:00 / 00:23:40 (0%) A-V:  0.000 Cache: 4.8s/2MB
AV: 00:00:00 / 00:23:40 (0%) A-V:  0.000 Cache: 4.9s/2MB
AV: 00:00:00 / 00:23:40 (0%) A-V:  0.000 Cache: 4.8s/2MB
AV: 00:00:00 / 00:23:40 (0%) A-V:  0.000 Cache: 4.7s/2MB
AV: 00:00:00 / 00:23:40 (0%) A-V:  0.000 Cache: 8.5s/3MB
AV: 00:00:00 / 00:23:40 (0%) A-V:  0.000 Cache: 10s/3MB
AV: 00:00:00 / 00:23:40 (0%) A-V:  0.000 Cache: 11s/3MB
AV: 00:00:00 / 00:23:40 (0%) A-V:  0.000 Cache: 12s/4MB
AV: 00:00:00 / 00:23:40 (0%) A-V:  0.000 Cache: 15s/4MB
AV: 00:00:00 / 00:23:40 (0%) A-V:  0.000 Cache: 16s/4MB
AV: 00:00:01 / 00:23:40 (0%) A-V:  0.000 Cache: 17s/4MB
AV: 00:00:01 / 00:23:40 (0%) A-V:  0.000 Cache: 18s/4MB
AV: 00:00:01 / 00:23:40 (0%) A-V:  0.000 Cache: 19s/5MB
AV: 00:00:01 / 00:23:40 (0%) A-V:  0.000 Cache: 20s/5MB
AV: 00:00:01 / 00:23:40 (0%) A-V:  0.000 Cache: 22s/5MB
AV: 00:00:01 / 00:23:40 (0%) A-V:  0.000 Cache: 23s/5MB
AV: 00:00:01 / 00:23:40 (0%) A-V:  0.000 Cache: 23s/6MB
AV: 00:00:01 / 00:23:40 (0%) A-V:  0.000 Cache: 24s/6MB
AV: 00:00:01 / 00:23:40 (0%) A-V:  0.000 Cache: 25s/6MB
AV: 00:00:01 / 00:23:40 (0%) A-V:  0.000 Cache: 26s/6MB
AV: 00:00:02 / 00:23:40 (0%) A-V:  0.000 Cache: 26s/7MB
AV: 00:00:02 / 00:23:40 (0%) A-V:  0.000 Cache: 27s/7MB
AV: 00:00:02 / 00:23:40 (0%) A-V:  0.000 Cache: 28s/7MB
AV: 00:00:02 / 00:23:40 (0%) A-V:  0.000 Cache: 28s/8MB
AV: 00:00:03 / 00:23:40 (0%) A-V:  0.000 Cache: 28s/8MB
AV: 00:00:03 / 00:23:40 (0%) A-V:  0.000 Cache: 28s/7MB
AV: 00:00:03 / 00:23:40 (0%) A-V:  0.000 Cache: 29s/8MB
AV: 00:00:03 / 00:23:40 (0%) A-V:  0.000 Cache: 30s/8MB
AV: 00:00:03 / 00:23:40 (0%) A-V:  0.000 Cache: 30s/9MB
AV: 00:00:03 / 00:23:40 (0%) A-V:  0.000 Cache: 31s/9MB
AV: 00:00:03 / 00:23:40 (0%) A-V:  0.000 Cache: 32s/9MB
AV: 00:00:03 / 00:23:40 (0%) A-V:  0.000 Cache: 33s/9MB
AV: 00:00:03 / 00:23:40 (0%) A-V:  0.000 Cache: 34s/9MB
AV: 00:00:03 / 00:23:40 (0%) A-V:  0.000 Cache: 35s/9MB
AV: 00:00:04 / 00:23:40 (0%) A-V:  0.000 Cache: 35s/9MB
AV: 00:00:04 / 00:23:40 (0%) A-V:  0.000 Cache: 38s/10MB
AV: 00:00:04 / 00:23:40 (0%) A-V:  0.000 Cache: 39s/10MB
AV: 00:00:04 / 00:23:40 (0%) A-V:  0.000 Cache: 39s/11MB
AV: 00:00:04 / 00:23:40 (0%) A-V:  0.000 Cache: 40s/11MB
AV: 00:00:04 / 00:23:40 (0%) A-V:  0.000 Cache: 41s/11MB
AV: 00:00:04 / 00:23:40 (0%) A-V:  0.000 Cache: 42s/11MB
AV: 00:00:04 / 00:23:40 (0%) A-V:  0.000 Cache: 43s/11MB
AV: 00:00:05 / 00:23:40 (0%) A-V:  0.000 Cache: 43s/11MB
AV: 00:00:05 / 00:23:40 (0%) A-V:  0.000 Cache: 45s/12MB
AV: 00:00:05 / 00:23:40 (0%) A-V:  0.000 Cache: 46s/12MB
AV: 00:00:05 / 00:23:40 (0%) A-V:  0.000 Cache: 48s/13MB
AV: 00:00:05 / 00:23:40 (0%) A-V:  0.000 Cache: 49s/13MB
AV: 00:00:05 / 00:23:40 (0%) A-V:  0.000 Cache: 50s/14MB
AV: 00:00:05 / 00:23:40 (0%) A-V:  0.000 Cache: 51s/14MB
AV: 00:00:06 / 00:23:40 (0%) A-V:  0.000 Cache: 51s/14MB
AV: 00:00:06 / 00:23:40 (0%) A-V:  0.000 Cache: 52s/14MB
AV: 00:00:06 / 00:23:40 (0%) A-V:  0.000 Cache: 53s/15MB
AV: 00:00:06 / 00:23:40 (0%) A-V:  0.000 Cache: 54s/15MB
AV: 00:00:06 / 00:23:40 (0%) A-V:  0.000 Cache: 54s/16MB
AV: 00:00:06 / 00:23:40 (0%) A-V:  0.000 Cache: 55s/16MB
AV: 00:00:06 / 00:23:40 (0%) A-V:  0.000 Cache: 56s/16MB
AV: 00:00:06 / 00:23:40 (0%) A-V:  0.000 Cache: 57s/17MB
AV: 00:00:06 / 00:23:40 (0%) A-V:  0.000 Cache: 58s/17MB
AV: 00:00:06 / 00:23:40 (0%) A-V:  0.000 Cache: 58s/18MB
AV: 00:00:06 / 00:23:40 (0%) A-V:  0.000 Cache: 59s/18MB
AV: 00:00:07 / 00:23:40 (0%) A-V:  0.000 Cache: 59s/18MB
AV: 00:00:07 / 00:23:40 (0%) A-V:  0.000 Cache: 59s/19MB
AV: 00:00:07 / 00:23:40 (1%) A-V:  0.000 Cache: 59s/19MB
AV: 00:00:07 / 00:23:40 (1%) A-V:  0.000 Cache: 60s/19MB
AV: 00:00:07 / 00:23:40 (1%) A-V:  0.000 Cache: 61s/20MB
AV: 00:00:07 / 00:23:40 (1%) A-V:  0.000 Cache: 62s/20MB
AV: 00:00:08 / 00:23:40 (1%) A-V:  0.000 Cache: 63s/20MB
AV: 00:00:08 / 00:23:40 (1%) A-V:  0.000 Cache: 63s/21MB
AV: 00:00:08 / 00:23:40 (1%) A-V:  0.000 Cache: 64s/21MB
AV: 00:00:08 / 00:23:40 (1%) A-V:  0.000 Cache: 66s/22MB
AV: 00:00:08 / 00:23:40 (1%) A-V:  0.000 Cache: 67s/22MB
AV: 00:00:09 / 00:23:40 (1%) A-V:  0.000 Cache: 67s/22MB
AV: 00:00:09 / 00:23:40 (1%) A-V:  0.000 Cache: 67s/23MB
AV: 00:00:09 / 00:23:40 (1%) A-V:  0.000 Cache: 67s/22MB
AV: 00:00:09 / 00:23:40 (1%) A-V:  0.000 Cache: 68s/23MB
AV: 00:00:09 / 00:23:40 (1%) A-V:  0.000 Cache: 69s/24MB
AV: 00:00:09 / 00:23:40 (1%) A-V:  0.000 Cache: 70s/24MB
AV: 00:00:09 / 00:23:40 (1%) A-V:  0.000 Cache: 70s/25MB
AV: 00:00:10 / 00:23:40 (1%) A-V:  0.000 Cache: 70s/25MB
AV: 00:00:10 / 00:23:40 (1%) A-V:  0.000 Cache: 71s/25MB
AV: 00:00:10 / 00:23:40 (1%) A-V:  0.000 Cache: 71s/26MB
AV: 00:00:10 / 00:23:40 (1%) A-V:  0.000 Cache: 72s/26MB
AV: 00:00:10 / 00:23:40 (1%) A-V:  0.000 Cache: 73s/26MB
AV: 00:00:10 / 00:23:40 (1%) A-V:  0.000 Cache: 73s/27MB
AV: 00:00:10 / 00:23:40 (1%) A-V:  0.000 Cache: 74s/27MB
AV: 00:00:11 / 00:23:40 (1%) A-V:  0.000 Cache: 74s/27MB
AV: 00:00:11 / 00:23:40 (1%) A-V:  0.000 Cache: 74s/28MB
AV: 00:00:11 / 00:23:40 (1%) A-V:  0.000 Cache: 75s/28MB
AV: 00:00:11 / 00:23:40 (1%) A-V:  0.000 Cache: 75s/29MB
AV: 00:00:11 / 00:23:40 (1%) A-V:  0.000 Cache: 76s/29MB
AV: 00:00:11 / 00:23:40 (1%) A-V:  0.000 Cache: 77s/29MB
AV: 00:00:11 / 00:23:40 (1%) A-V:  0.000 Cache: 78s/29MB
AV: 00:00:11 / 00:23:40 (1%) A-V:  0.000 Cache: 78s/30MB
AV: 00:00:12 / 00:23:40 (1%) A-V:  0.000 Cache: 78s/30MB
AV: 00:00:12 / 00:23:40 (1%) A-V:  0.000 Cache: 79s/30MB
AV: 00:00:12 / 00:23:40 (1%) A-V:  0.000 Cache: 80s/30MB
AV: 00:00:12 / 00:23:40 (1%) A-V:  0.000 Cache: 80s/31MB
AV: 00:00:12 / 00:23:40 (1%) A-V:  0.000 Cache: 81s/31MB
AV: 00:00:12 / 00:23:40 (1%) A-V:  0.000 Cache: 82s/31MB
AV: 00:00:12 / 00:23:40 (1%) A-V:  0.000 Cache: 82s/32MB
AV: 00:00:12 / 00:23:40 (1%) A-V:  0.000 Cache: 83s/32MB
AV: 00:00:12 / 00:23:40 (1%) A-V:  0.000 Cache: 84s/32MB
AV: 00:00:13 / 00:23:40 (1%) A-V:  0.000 Cache: 84s/32MB
AV: 00:00:13 / 00:23:40 (1%) A-V:  0.000 Cache: 85s/32MB
AV: 00:00:13 / 00:23:40 (1%) A-V:  0.000 Cache: 85s/33MB
AV: 00:00:13 / 00:23:40 (1%) A-V:  0.000 Cache: 86s/33MB
AV: 00:00:13 / 00:23:40 (1%) A-V:  0.000 Cache: 87s/33MB
AV: 00:00:13 / 00:23:40 (1%) A-V:  0.000 Cache: 87s/34MB
AV: 00:00:13 / 00:23:40 (1%) A-V:  0.000 Cache: 88s/34MB
AV: 00:00:13 / 00:23:40 (1%) A-V:  0.000 Cache: 89s/34MB
AV: 00:00:13 / 00:23:40 (1%) A-V:  0.000 Cache: 90s/35MB
AV: 00:00:13 / 00:23:40 (1%) A-V:  0.000 Cache: 91s/35MB
AV: 00:00:14 / 00:23:40 (1%) A-V:  0.000 Cache: 92s/35MB
AV: 00:00:14 / 00:23:40 (1%) A-V:  0.000 Cache: 93s/36MB
AV: 00:00:14 / 00:23:40 (1%) A-V:  0.000 Cache: 94s/36MB
AV: 00:00:14 / 00:23:40 (1%) A-V:  0.000 Cache: 95s/36MB
AV: 00:00:14 / 00:23:40 (1%) A-V:  0.000 Cache: 96s/36MB
AV: 00:00:14 / 00:23:40 (1%) A-V:  0.000 Cache: 98s/36MB
AV: 00:00:14 / 00:23:40 (1%) A-V:  0.000 Cache: 99s/36MB
AV: 00:00:14 / 00:23:40 (1%) A-V:  0.000 Cache: 100s/37MB
AV: 00:00:14 / 00:23:40 (1%) A-V:  0.000 Cache: 102s/37MB
AV: 00:00:14 / 00:23:40 (1%) A-V:  0.000 Cache: 103s/37MB
AV: 00:00:14 / 00:23:40 (1%) A-V:  0.000 Cache: 105s/37MB
AV: 00:00:14 / 00:23:40 (1%) A-V:  0.000 Cache: 106s/38MB
AV: 00:00:14 / 00:23:40 (1%) A-V:  0.000 Cache: 107s/38MB
AV: 00:00:14 / 00:23:40 (1%) A-V:  0.000 Cache: 109s/38MB
AV: 00:00:14 / 00:23:40 (1%) A-V:  0.000 Cache: 111s/38MB
AV: 00:00:14 / 00:23:40 (1%) A-V:  0.000 Cache: 113s/38MB
AV: 00:00:14 / 00:23:40 (1%) A-V:  0.000 Cache: 115s/39MB
AV: 00:00:14 / 00:23:40 (1%) A-V:  0.000 Cache: 116s/39MB
AV: 00:00:14 / 00:23:40 (1%) A-V:  0.000 Cache: 118s/39MB
AV: 00:00:14 / 00:23:40 (1%) A-V:  0.000 Cache: 119s/39MB
AV: 00:00:15 / 00:23:40 (1%) A-V:  0.000 Cache: 119s/39MB
AV: 00:00:15 / 00:23:40 (1%) A-V:  0.000 Cache: 120s/40MB
AV: 00:00:15 / 00:23:40 (1%) A-V:  0.000 Cache: 133s/41MB
AV: 00:00:15 / 00:23:40 (1%) A-V:  0.000 Cache: 141s/42MB
AV: 00:00:15 / 00:23:40 (1%) A-V:  0.000 Cache: 156s/43MB
AV: 00:00:15 / 00:23:40 (1%) A-V:  0.000 Cache: 164s/44MB
AV: 00:00:15 / 00:23:40 (1%) A-V:  0.000 Cache: 176s/45MB
AV: 00:00:16 / 00:23:40 (1%) A-V:  0.000 Cache: 176s/45MB
AV: 00:00:16 / 00:23:40 (1%) A-V:  0.000 Cache: 179s/45MB
AV: 00:00:16 / 00:23:40 (1%) A-V:  0.000 Cache: 181s/45MB
AV: 00:00:16 / 00:23:40 (1%) A-V:  0.000 Cache: 184s/45MB
AV: 00:00:16 / 00:23:40 (1%) A-V:  0.000 Cache: 185s/46MB
AV: 00:00:16 / 00:23:40 (1%) A-V:  0.000 Cache: 194s/47MB
AV: 00:00:16 / 00:23:40 (1%) A-V:  0.000 Cache: 196s/47MB
AV: 00:00:16 / 00:23:40 (1%) A-V:  0.000 Cache: 201s/48MB
AV: 00:00:16 / 00:23:40 (1%) A-V:  0.000 Cache: 203s/48MB
AV: 00:00:17 / 00:23:40 (1%) A-V:  0.000 Cache: 204s/49MB
AV: 00:00:17 / 00:23:40 (1%) A-V:  0.000 Cache: 205s/49MB
AV: 00:00:17 / 00:23:40 (1%) A-V:  0.000 Cache: 206s/49MB
AV: 00:00:17 / 00:23:40 (1%) A-V:  0.000 Cache: 212s/51MB
AV: 00:00:17 / 00:23:40 (1%) A-V:  0.000 Cache: 214s/51MB
AV: 00:00:17 / 00:23:40 (1%) A-V:  0.000 Cache: 215s/51MB
AV: 00:00:17 / 00:23:40 (1%) A-V:  0.000 Cache: 217s/51MB
AV: 00:00:17 / 00:23:40 (1%) A-V:  0.000 Cache: 225s/52MB
AV: 00:00:17 / 00:23:40 (1%) A-V:  0.000 Cache: 233s/53MB
AV: 00:00:18 / 00:23:40 (1%) A-V:  0.000 Cache: 234s/53MB
AV: 00:00:18 / 00:23:40 (1%) A-V:  0.000 Cache: 235s/53MB
AV: 00:00:18 / 00:23:40 (1%) A-V:  0.000 Cache: 239s/53MB
AV: 00:00:18 / 00:23:40 (1%) A-V:  0.000 Cache: 245s/54MB
AV: 00:00:18 / 00:23:40 (1%) A-V:  0.000 Cache: 247s/54MB
AV: 00:00:18 / 00:23:40 (1%) A-V:  0.000 Cache: 251s/55MB
AV: 00:00:19 / 00:23:40 (1%) A-V:  0.000 Cache: 251s/55MB
AV: 00:00:19 / 00:23:40 (1%) A-V:  0.000 Cache: 253s/55MB
AV: 00:00:19 / 00:23:40 (1%) A-V:  0.000 Cache: 254s/55MB
AV: 00:00:19 / 00:23:40 (1%) A-V:  0.000 Cache: 255s/55MB
AV: 00:00:19 / 00:23:40 (1%) A-V:  0.000 Cache: 260s/56MB
AV: 00:00:19 / 00:23:40 (1%) A-V:  0.000 Cache: 261s/56MB
AV: 00:00:19 / 00:23:40 (1%) A-V:  0.000 Cache: 263s/56MB
AV: 00:00:20 / 00:23:40 (1%) A-V:  0.000 Cache: 263s/56MB
AV: 00:00:20 / 00:23:40 (1%) A-V:  0.000 Cache: 264s/57MB
AV: 00:00:20 / 00:23:40 (1%) A-V:  0.000 Cache: 266s/58MB
AV: 00:00:20 / 00:23:40 (1%) A-V:  0.000 Cache: 272s/59MB
AV: 00:00:20 / 00:23:40 (1%) A-V:  0.000 Cache: 274s/59MB
AV: 00:00:20 / 00:23:40 (1%) A-V:  0.000 Cache: 276s/59MB
AV: 00:00:20 / 00:23:40 (1%) A-V:  0.000 Cache: 277s/59MB
AV: 00:00:20 / 00:23:40 (1%) A-V:  0.000 Cache: 278s/59MB
AV: 00:00:20 / 00:23:40 (1%) A-V:  0.000 Cache: 279s/59MB
AV: 00:00:20 / 00:23:40 (1%) A-V:  0.000 Cache: 280s/59MB
AV: 00:00:21 / 00:23:40 (1%) A-V:  0.000 Cache: 281s/59MB
AV: 00:00:21 / 00:23:40 (1%) A-V:  0.000 Cache: 282s/60MB
AV: 00:00:21 / 00:23:40 (1%) A-V:  0.000 Cache: 285s/60MB
AV: 00:00:21 / 00:23:40 (1%) A-V:  0.000 Cache: 286s/60MB
AV: 00:00:21 / 00:23:40 (2%) A-V:  0.000 Cache: 289s/60MB
AV: 00:00:21 / 00:23:40 (2%) A-V:  0.000 Cache: 291s/61MB
AV: 00:00:21 / 00:23:40 (2%) A-V:  0.000 Cache: 292s/61MB
AV: 00:00:21 / 00:23:40 (2%) A-V:  0.000 Cache: 293s/61MB
AV: 00:00:21 / 00:23:40 (2%) A-V:  0.000 Cache: 301s/62MB
AV: 00:00:21 / 00:23:40 (2%) A-V:  0.000 Cache: 309s/63MB
AV: 00:00:21 / 00:23:40 (2%) A-V:  0.000 Cache: 312s/63MB
AV: 00:00:21 / 00:23:40 (2%) A-V:  0.000 Cache: 317s/63MB
AV: 00:00:21 / 00:23:40 (2%) A-V:  0.000 Cache: 320s/63MB
AV: 00:00:22 / 00:23:40 (2%) A-V:  0.000 Cache: 324s/64MB
AV: 00:00:22 / 00:23:40 (2%) A-V:  0.000 Cache: 325s/64MB
AV: 00:00:22 / 00:23:40 (2%) A-V:  0.000 Cache: 326s/64MB
AV: 00:00:22 / 00:23:40 (2%) A-V:  0.000 Cache: 327s/64MB
AV: 00:00:22 / 00:23:40 (2%) A-V:  0.000 Cache: 329s/65MB
AV: 00:00:22 / 00:23:40 (2%) A-V:  0.000 Cache: 330s/65MB
AV: 00:00:22 / 00:23:40 (2%) A-V:  0.000 Cache: 331s/65MB
AV: 00:00:22 / 00:23:40 (2%) A-V:  0.000 Cache: 332s/65MB
AV: 00:00:22 / 00:23:40 (2%) A-V:  0.000 Cache: 333s/65MB
AV: 00:00:22 / 00:23:40 (2%) A-V:  0.000 Cache: 334s/66MB
AV: 00:00:22 / 00:23:40 (2%) A-V:  0.000 Cache: 335s/66MB
AV: 00:00:22 / 00:23:40 (2%) A-V:  0.000 Cache: 336s/66MB
AV: 00:00:22 / 00:23:40 (2%) A-V:  0.000 Cache: 337s/66MB
AV: 00:00:22 / 00:23:40 (2%) A-V:  0.000 Cache: 338s/66MB
AV: 00:00:22 / 00:23:40 (2%) A-V:  0.000 Cache: 338s/67MB
AV: 00:00:22 / 00:23:40 (2%) A-V:  0.000 Cache: 340s/67MB
AV: 00:00:22 / 00:23:40 (2%) A-V:  0.000 Cache: 342s/67MB
AV: 00:00:22 / 00:23:40 (2%) A-V:  0.000 Cache: 345s/67MB
AV: 00:00:22 / 00:23:40 (2%) A-V: -0.000 Cache: 346s/68MB
AV: 00:00:22 / 00:23:40 (2%) A-V:  0.000 Cache: 349s/68MB
AV: 00:00:22 / 00:23:40 (2%) A-V:  0.000 Cache: 351s/68MB
AV: 00:00:23 / 00:23:40 (2%) A-V:  0.000 Cache: 353s/68MB
AV: 00:00:23 / 00:23:40 (2%) A-V:  0.000 Cache: 358s/68MB
AV: 00:00:23 / 00:23:40 (2%) A-V:  0.000 Cache: 359s/69MB
AV: 00:00:23 / 00:23:40 (2%) A-V:  0.000 Cache: 362s/69MB
AV: 00:00:23 / 00:23:40 (2%) A-V:  0.000 Cache: 364s/69MB
AV: 00:00:23 / 00:23:40 (2%) A-V:  0.000 Cache: 368s/69MB
AV: 00:00:23 / 00:23:40 (2%) A-V:  0.000 Cache: 369s/70MB
AV: 00:00:23 / 00:23:40 (2%) A-V:  0.000 Cache: 372s/70MB
AV: 00:00:23 / 00:23:40 (2%) A-V:  0.000 Cache: 375s/70MB
AV: 00:00:23 / 00:23:40 (2%) A-V:  0.000 Cache: 376s/70MB
AV: 00:00:23 / 00:23:40 (2%) A-V:  0.000 Cache: 377s/70MB
AV: 00:00:23 / 00:23:40 (2%) A-V:  0.000 Cache: 379s/71MB
AV: 00:00:23 / 00:23:40 (2%) A-V:  0.000 Cache: 380s/71MB
AV: 00:00:23 / 00:23:40 (2%) A-V:  0.000 Cache: 381s/71MB
AV: 00:00:23 / 00:23:40 (2%) A-V:  0.000 Cache: 382s/71MB
AV: 00:00:23 / 00:23:40 (2%) A-V:  0.000 Cache: 383s/72MB
AV: 00:00:23 / 00:23:40 (2%) A-V:  0.000 Cache: 385s/72MB
AV: 00:00:23 / 00:23:40 (2%) A-V:  0.000 Cache: 387s/72MB
AV: 00:00:23 / 00:23:40 (2%) A-V:  0.000 Cache: 388s/72MB
AV: 00:00:23 / 00:23:40 (2%) A-V:  0.000 Cache: 389s/72MB
AV: 00:00:23 / 00:23:40 (2%) A-V:  0.000 Cache: 390s/72MB
AV: 00:00:24 / 00:23:40 (2%) A-V:  0.000 Cache: 391s/73MB
AV: 00:00:24 / 00:23:40 (2%) A-V:  0.000 Cache: 392s/73MB
AV: 00:00:24 / 00:23:40 (2%) A-V:  0.000 Cache: 395s/73MB
AV: 00:00:24 / 00:23:40 (2%) A-V:  0.000 Cache: 396s/74MB
AV: 00:00:24 / 00:23:40 (2%) A-V:  0.000 Cache: 398s/74MB
AV: 00:00:24 / 00:23:40 (2%) A-V:  0.000 Cache: 399s/74MB
AV: 00:00:24 / 00:23:40 (2%) A-V:  0.000 Cache: 401s/74MB
AV: 00:00:24 / 00:23:40 (2%) A-V:  0.000 Cache: 403s/74MB
AV: 00:00:24 / 00:23:40 (2%) A-V:  0.000 Cache: 404s/75MB
AV: 00:00:24 / 00:23:40 (2%) A-V:  0.000 Cache: 405s/75MB
AV: 00:00:24 / 00:23:40 (2%) A-V:  0.000 Cache: 406s/75MB
AV: 00:00:24 / 00:23:40 (2%) A-V:  0.000 Cache: 407s/75MB
AV: 00:00:24 / 00:23:40 (2%) A-V:  0.000 Cache: 408s/75MB
AV: 00:00:24 / 00:23:40 (2%) A-V:  0.000 Cache: 408s/76MB
AV: 00:00:24 / 00:23:40 (2%) A-V:  0.000 Cache: 409s/76MB
AV: 00:00:24 / 00:23:40 (2%) A-V:  0.000 Cache: 410s/76MB
AV: 00:00:24 / 00:23:40 (2%) A-V:  0.000 Cache: 411s/76MB
AV: 00:00:24 / 00:23:40 (2%) A-V:  0.000 Cache: 412s/76MB
AV: 00:00:24 / 00:23:40 (2%) A-V:  0.000 Cache: 412s/77MB
AV: 00:00:25 / 00:23:40 (2%) A-V:  0.000 Cache: 412s/77MB
AV: 00:00:25 / 00:23:40 (2%) A-V:  0.000 Cache: 413s/77MB
AV: 00:00:25 / 00:23:40 (2%) A-V:  0.000 Cache: 416s/77MB
AV: 00:00:25 / 00:23:40 (2%) A-V:  0.000 Cache: 417s/77MB
AV: 00:00:25 / 00:23:40 (2%) A-V:  0.000 Cache: 418s/77MB
AV: 00:00:25 / 00:23:40 (2%) A-V:  0.000 Cache: 421s/78MB
AV: 00:00:25 / 00:23:40 (2%) A-V:  0.000 Cache: 422s/78MB
AV: 00:00:25 / 00:23:40 (2%) A-V:  0.000 Cache: 423s/78MB
AV: 00:00:25 / 00:23:40 (2%) A-V:  0.000 Cache: 424s/78MB
AV: 00:00:25 / 00:23:40 (2%) A-V:  0.000 Cache: 425s/78MB
AV: 00:00:25 / 00:23:40 (2%) A-V:  0.000 Cache: 427s/79MB
AV: 00:00:25 / 00:23:40 (2%) A-V:  0.000 Cache: 428s/79MB
AV: 00:00:25 / 00:23:40 (2%) A-V:  0.000 Cache: 427s/79MB
AV: 00:00:25 / 00:23:40 (2%) A-V:  0.000 Cache: 429s/79MB
AV: 00:00:26 / 00:23:40 (2%) A-V:  0.000 Cache: 429s/79MB
AV: 00:00:26 / 00:23:40 (2%) A-V:  0.000 Cache: 432s/80MB
AV: 00:00:26 / 00:23:40 (2%) A-V:  0.000 Cache: 434s/80MB
AV: 00:00:26 / 00:23:40 (2%) A-V:  0.000 Cache: 435s/80MB
AV: 00:00:26 / 00:23:40 (2%) A-V:  0.000 Cache: 437s/80MB
AV: 00:00:26 / 00:23:40 (2%) A-V:  0.000 Cache: 438s/81MB
AV: 00:00:26 / 00:23:40 (2%) A-V:  0.000 Cache: 439s/81MB
AV: 00:00:26 / 00:23:40 (2%) A-V:  0.000 Cache: 440s/81MB
AV: 00:00:26 / 00:23:40 (2%) A-V:  0.000 Cache: 441s/81MB
AV: 00:00:26 / 00:23:40 (2%) A-V:  0.000 Cache: 442s/81MB
AV: 00:00:26 / 00:23:40 (2%) A-V:  0.000 Cache: 443s/82MB
AV: 00:00:26 / 00:23:40 (2%) A-V:  0.000 Cache: 443s/81MB
AV: 00:00:26 / 00:23:40 (2%) A-V:  0.000 Cache: 449s/82MB
AV: 00:00:26 / 00:23:40 (2%) A-V:  0.000 Cache: 450s/82MB
AV: 00:00:26 / 00:23:40 (2%) A-V:  0.000 Cache: 456s/83MB
AV: 00:00:26 / 00:23:40 (2%) A-V:  0.000 Cache: 458s/83MB
AV: 00:00:26 / 00:23:40 (2%) A-V:  0.000 Cache: 460s/84MB
AV: 00:00:27 / 00:23:40 (2%) A-V:  0.000 Cache: 461s/84MB
AV: 00:00:27 / 00:23:40 (2%) A-V:  0.000 Cache: 462s/84MB
AV: 00:00:27 / 00:23:40 (2%) A-V:  0.000 Cache: 464s/84MB
AV: 00:00:27 / 00:23:40 (2%) A-V:  0.000 Cache: 465s/84MB
AV: 00:00:27 / 00:23:40 (2%) A-V:  0.000 Cache: 467s/84MB
AV: 00:00:27 / 00:23:40 (2%) A-V:  0.000 Cache: 470s/85MB
AV: 00:00:27 / 00:23:40 (2%) A-V:  0.000 Cache: 471s/85MB
AV: 00:00:27 / 00:23:40 (2%) A-V:  0.000 Cache: 472s/85MB
AV: 00:00:27 / 00:23:40 (2%) A-V:  0.000 Cache: 473s/85MB
AV: 00:00:27 / 00:23:40 (2%) A-V:  0.000 Cache: 474s/85MB
AV: 00:00:27 / 00:23:40 (2%) A-V:  0.000 Cache: 475s/86MB
AV: 00:00:27 / 00:23:40 (2%) A-V:  0.000 Cache: 476s/86MB
AV: 00:00:27 / 00:23:40 (2%) A-V:  0.000 Cache: 478s/86MB
AV: 00:00:27 / 00:23:40 (2%) A-V:  0.000 Cache: 480s/86MB
AV: 00:00:27 / 00:23:40 (2%) A-V:  0.000 Cache: 481s/86MB
AV: 00:00:27 / 00:23:40 (2%) A-V:  0.000 Cache: 482s/86MB
AV: 00:00:27 / 00:23:40 (2%) A-V:  0.000 Cache: 484s/87MB
AV: 00:00:27 / 00:23:40 (2%) A-V:  0.000 Cache: 485s/87MB
AV: 00:00:27 / 00:23:40 (2%) A-V:  0.000 Cache: 486s/87MB
AV: 00:00:28 / 00:23:40 (2%) A-V:  0.000 Cache: 487s/87MB
AV: 00:00:28 / 00:23:40 (2%) A-V:  0.000 Cache: 488s/87MB
AV: 00:00:28 / 00:23:40 (2%) A-V:  0.000 Cache: 489s/88MB
AV: 00:00:28 / 00:23:40 (2%) A-V:  0.000 Cache: 490s/88MB
AV: 00:00:28 / 00:23:40 (2%) A-V:  0.000 Cache: 491s/88MB
AV: 00:00:28 / 00:23:40 (2%) A-V:  0.000 Cache: 493s/88MB
AV: 00:00:28 / 00:23:40 (2%) A-V:  0.000 Cache: 494s/88MB
AV: 00:00:28 / 00:23:40 (2%) A-V:  0.000 Cache: 495s/88MB
AV: 00:00:28 / 00:23:40 (2%) A-V:  0.000 Cache: 496s/89MB
AV: 00:00:28 / 00:23:40 (2%) A-V:  0.000 Cache: 497s/89MB
AV: 00:00:28 / 00:23:40 (2%) A-V:  0.000 Cache: 498s/89MB
AV: 00:00:28 / 00:23:40 (2%) A-V:  0.000 Cache: 499s/89MB
AV: 00:00:28 / 00:23:40 (2%) A-V:  0.000 Cache: 500s/89MB
AV: 00:00:28 / 00:23:40 (2%) A-V:  0.000 Cache: 501s/89MB
AV: 00:00:28 / 00:23:40 (2%) A-V:  0.000 Cache: 501s/90MB
AV: 00:00:28 / 00:23:40 (2%) A-V:  0.000 Cache: 502s/90MB
AV: 00:00:28 / 00:23:40 (2%) A-V:  0.000 Cache: 503s/90MB
AV: 00:00:28 / 00:23:40 (2%) A-V:  0.000 Cache: 504s/90MB
AV: 00:00:28 / 00:23:40 (2%) A-V:  0.000 Cache: 505s/90MB
AV: 00:00:28 / 00:23:40 (2%) A-V:  0.000 Cache: 506s/90MB
AV: 00:00:28 / 00:23:40 (2%) A-V:  0.000 Cache: 508s/91MB
AV: 00:00:28 / 00:23:40 (2%) A-V:  0.000 Cache: 511s/91MB
AV: 00:00:29 / 00:23:40 (2%) A-V:  0.000 Cache: 513s/91MB
AV: 00:00:29 / 00:23:40 (2%) A-V:  0.000 Cache: 515s/91MB
AV: 00:00:29 / 00:23:40 (2%) A-V:  0.000 Cache: 517s/91MB
AV: 00:00:29 / 00:23:40 (2%) A-V:  0.000 Cache: 519s/92MB
AV: 00:00:29 / 00:23:40 (2%) A-V:  0.000 Cache: 521s/92MB
AV: 00:00:29 / 00:23:40 (2%) A-V:  0.000 Cache: 522s/92MB
AV: 00:00:29 / 00:23:40 (2%) A-V:  0.000 Cache: 523s/92MB
AV: 00:00:29 / 00:23:40 (2%) A-V:  0.000 Cache: 524s/92MB
AV: 00:00:29 / 00:23:40 (2%) A-V:  0.000 Cache: 525s/93MB
AV: 00:00:29 / 00:23:40 (2%) A-V:  0.000 Cache: 526s/93MB
AV: 00:00:29 / 00:23:40 (2%) A-V:  0.000 Cache: 527s/93MB
AV: 00:00:29 / 00:23:40 (2%) A-V:  0.000 Cache: 528s/93MB
AV: 00:00:29 / 00:23:40 (2%) A-V:  0.000 Cache: 529s/93MB
AV: 00:00:29 / 00:23:40 (2%) A-V:  0.000 Cache: 530s/93MB
AV: 00:00:29 / 00:23:40 (2%) A-V:  0.000 Cache: 532s/94MB
AV: 00:00:29 / 00:23:40 (2%) A-V:  0.000 Cache: 533s/94MB
AV: 00:00:29 / 00:23:40 (2%) A-V:  0.000 Cache: 537s/94MB
AV: 00:00:29 / 00:23:40 (2%) A-V:  0.000 Cache: 538s/94MB
AV: 00:00:29 / 00:23:40 (2%) A-V:  0.000 Cache: 539s/94MB
AV: 00:00:29 / 00:23:40 (2%) A-V:  0.000 Cache: 539s/95MB
AV: 00:00:30 / 00:23:40 (2%) A-V:  0.000 Cache: 540s/95MB
AV: 00:00:30 / 00:23:40 (2%) A-V:  0.000 Cache: 541s/95MB
AV: 00:00:30 / 00:23:40 (2%) A-V:  0.000 Cache: 542s/95MB
AV: 00:00:30 / 00:23:40 (2%) A-V:  0.000 Cache: 544s/95MB
AV: 00:00:30 / 00:23:40 (2%) A-V:  0.000 Cache: 546s/95MB
AV: 00:00:30 / 00:23:40 (2%) A-V:  0.000 Cache: 547s/96MB
AV: 00:00:30 / 00:23:40 (2%) A-V:  0.000 Cache: 548s/96MB
AV: 00:00:30 / 00:23:40 (2%) A-V:  0.000 Cache: 549s/96MB
AV: 00:00:30 / 00:23:40 (2%) A-V:  0.000 Cache: 550s/96MB
AV: 00:00:30 / 00:23:40 (2%) A-V:  0.000 Cache: 551s/96MB
AV: 00:00:30 / 00:23:40 (2%) A-V:  0.000 Cache: 552s/96MB
AV: 00:00:30 / 00:23:40 (2%) A-V:  0.000 Cache: 554s/97MB
AV: 00:00:30 / 00:23:40 (2%) A-V:  0.000 Cache: 559s/97MB
AV: 00:00:30 / 00:23:40 (2%) A-V:  0.000 Cache: 560s/97MB
AV: 00:00:30 / 00:23:40 (2%) A-V:  0.000 Cache: 562s/97MB
AV: 00:00:30 / 00:23:40 (2%) A-V:  0.000 Cache: 564s/97MB
AV: 00:00:30 / 00:23:40 (2%) A-V:  0.000 Cache: 567s/98MB
AV: 00:00:30 / 00:23:40 (2%) A-V:  0.000 Cache: 569s/98MB
AV: 00:00:30 / 00:23:40 (2%) A-V:  0.000 Cache: 571s/98MB
AV: 00:00:30 / 00:23:40 (2%) A-V:  0.000 Cache: 572s/98MB
AV: 00:00:30 / 00:23:40 (2%) A-V:  0.000 Cache: 573s/99MB
AV: 00:00:30 / 00:23:40 (2%) A-V:  0.000 Cache: 574s/99MB
AV: 00:00:31 / 00:23:40 (2%) A-V:  0.000 Cache: 575s/99MB
AV: 00:00:31 / 00:23:40 (2%) A-V:  0.000 Cache: 576s/99MB
AV: 00:00:31 / 00:23:40 (2%) A-V:  0.000 Cache: 577s/99MB
AV: 00:00:31 / 00:23:40 (2%) A-V:  0.000 Cache: 578s/99MB
AV: 00:00:31 / 00:23:40 (2%) A-V:  0.000 Cache: 580s/100MB
AV: 00:00:31 / 00:23:40 (2%) A-V:  0.000 Cache: 582s/100MB
AV: 00:00:31 / 00:23:40 (2%) A-V:  0.000 Cache: 584s/100MB
AV: 00:00:31 / 00:23:40 (2%) A-V:  0.000 Cache: 587s/100MB
AV: 00:00:31 / 00:23:40 (2%) A-V:  0.000 Cache: 589s/101MB
AV: 00:00:31 / 00:23:40 (2%) A-V:  0.000 Cache: 592s/101MB
AV: 00:00:31 / 00:23:40 (2%) A-V:  0.000 Cache: 593s/101MB
AV: 00:00:31 / 00:23:40 (2%) A-V:  0.000 Cache: 594s/101MB
AV: 00:00:31 / 00:23:40 (2%) A-V:  0.000 Cache: 595s/102MB
AV: 00:00:31 / 00:23:40 (2%) A-V:  0.000 Cache: 596s/102MB
AV: 00:00:31 / 00:23:40 (2%) A-V:  0.000 Cache: 597s/102MB
AV: 00:00:31 / 00:23:40 (2%) A-V:  0.000 Cache: 598s/102MB
AV: 00:00:31 / 00:23:40 (2%) A-V:  0.000 Cache: 602s/102MB
AV: 00:00:32 / 00:23:40 (2%) A-V:  0.000 Cache: 603s/103MB
AV: 00:00:32 / 00:23:40 (2%) A-V:  0.000 Cache: 605s/103MB
AV: 00:00:32 / 00:23:40 (2%) A-V:  0.000 Cache: 607s/103MB
AV: 00:00:32 / 00:23:40 (2%) A-V:  0.000 Cache: 610s/103MB
AV: 00:00:32 / 00:23:40 (2%) A-V:  0.000 Cache: 611s/104MB
AV: 00:00:32 / 00:23:40 (2%) A-V:  0.000 Cache: 612s/104MB
AV: 00:00:32 / 00:23:40 (2%) A-V:  0.000 Cache: 614s/104MB
AV: 00:00:32 / 00:23:40 (2%) A-V:  0.000 Cache: 615s/104MB
AV: 00:00:32 / 00:23:40 (2%) A-V:  0.000 Cache: 616s/104MB
AV: 00:00:32 / 00:23:40 (2%) A-V:  0.000 Cache: 617s/104MB
AV: 00:00:32 / 00:23:40 (2%) A-V:  0.000 Cache: 616s/104MB
AV: 00:00:32 / 00:23:40 (2%) A-V:  0.000 Cache: 617s/104MB
AV: 00:00:32 / 00:23:40 (2%) A-V:  0.000 Cache: 620s/105MB
AV: 00:00:32 / 00:23:40 (2%) A-V:  0.000 Cache: 621s/105MB
AV: 00:00:32 / 00:23:40 (2%) A-V:  0.000 Cache: 622s/105MB
AV: 00:00:32 / 00:23:40 (2%) A-V:  0.000 Cache: 622s/106MB
AV: 00:00:32 / 00:23:40 (2%) A-V:  0.000 Cache: 623s/106MB
AV: 00:00:33 / 00:23:40 (2%) A-V:  0.000 Cache: 623s/106MB
AV: 00:00:33 / 00:23:40 (2%) A-V:  0.000 Cache: 624s/106MB
AV: 00:00:33 / 00:23:40 (2%) A-V:  0.000 Cache: 626s/107MB
AV: 00:00:33 / 00:23:40 (2%) A-V:  0.000 Cache: 627s/107MB
AV: 00:00:33 / 00:23:40 (2%) A-V:  0.000 Cache: 628s/107MB
AV: 00:00:33 / 00:23:40 (2%) A-V:  0.000 Cache: 629s/107MB
AV: 00:00:33 / 00:23:40 (2%) A-V:  0.000 Cache: 630s/108MB
AV: 00:00:33 / 00:23:40 (2%) A-V:  0.000 Cache: 631s/108MB
AV: 00:00:33 / 00:23:40 (2%) A-V:  0.000 Cache: 632s/108MB
AV: 00:00:33 / 00:23:40 (2%) A-V:  0.000 Cache: 633s/108MB
AV: 00:00:33 / 00:23:40 (2%) A-V:  0.000 Cache: 634s/108MB
AV: 00:00:33 / 00:23:40 (2%) A-V:  0.000 Cache: 635s/108MB
AV: 00:00:34 / 00:23:40 (2%) A-V:  0.000 Cache: 635s/109MB
AV: 00:00:34 / 00:23:40 (2%) A-V:  0.000 Cache: 636s/109MB
AV: 00:00:34 / 00:23:40 (2%) A-V:  0.000 Cache: 637s/109MB
AV: 00:00:34 / 00:23:40 (2%) A-V:  0.000 Cache: 638s/109MB
AV: 00:00:34 / 00:23:40 (2%) A-V:  0.000 Cache: 638s/110MB
AV: 00:00:34 / 00:23:40 (2%) A-V:  0.000 Cache: 639s/110MB
AV: 00:00:34 / 00:23:40 (2%) A-V:  0.000 Cache: 642s/110MB
AV: 00:00:34 / 00:23:40 (2%) A-V:  0.000 Cache: 645s/110MB
AV: 00:00:34 / 00:23:40 (2%) A-V:  0.000 Cache: 648s/111MB
AV: 00:00:34 / 00:23:40 (2%) A-V:  0.000 Cache: 649s/111MB
AV: 00:00:34 / 00:23:40 (2%) A-V:  0.000 Cache: 651s/111MB
AV: 00:00:34 / 00:23:40 (2%) A-V:  0.000 Cache: 652s/111MB
AV: 00:00:34 / 00:23:40 (2%) A-V:  0.000 Cache: 653s/111MB
AV: 00:00:34 / 00:23:40 (2%) A-V:  0.000 Cache: 654s/111MB
AV: 00:00:34 / 00:23:40 (2%) A-V:  0.000 Cache: 655s/112MB
AV: 00:00:34 / 00:23:40 (2%) A-V:  0.000 Cache: 656s/112MB
AV: 00:00:34 / 00:23:40 (2%) A-V:  0.000 Cache: 657s/112MB
AV: 00:00:34 / 00:23:40 (2%) A-V:  0.000 Cache: 658s/112MB
AV: 00:00:35 / 00:23:40 (2%) A-V:  0.000 Cache: 660s/112MB
AV: 00:00:35 / 00:23:40 (2%) A-V:  0.000 Cache: 661s/112MB
AV: 00:00:35 / 00:23:40 (2%) A-V:  0.000 Cache: 662s/112MB
AV: 00:00:35 / 00:23:40 (2%) A-V:  0.000 Cache: 664s/113MB
AV: 00:00:35 / 00:23:40 (2%) A-V:  0.000 Cache: 665s/113MB
AV: 00:00:35 / 00:23:40 (2%) A-V:  0.000 Cache: 666s/113MB
AV: 00:00:35 / 00:23:40 (2%) A-V:  0.000 Cache: 667s/113MB
AV: 00:00:35 / 00:23:40 (2%) A-V:  0.000 Cache: 669s/113MB
AV: 00:00:35 / 00:23:40 (2%) A-V:  0.000 Cache: 672s/113MB
AV: 00:00:35 / 00:23:40 (3%) A-V:  0.000 Cache: 672s/113MB
AV: 00:00:35 / 00:23:40 (3%) A-V:  0.000 Cache: 673s/114MB
AV: 00:00:35 / 00:23:40 (3%) A-V:  0.000 Cache: 674s/114MB
AV: 00:00:35 / 00:23:40 (3%) A-V:  0.000 Cache: 675s/114MB
AV: 00:00:36 / 00:23:40 (3%) A-V:  0.000 Cache: 676s/114MB
AV: 00:00:36 / 00:23:40 (3%) A-V:  0.000 Cache: 677s/114MB
AV: 00:00:36 / 00:23:40 (3%) A-V:  0.000 Cache: 678s/115MB
AV: 00:00:36 / 00:23:40 (3%) A-V:  0.000 Cache: 680s/115MB
AV: 00:00:36 / 00:23:40 (3%) A-V:  0.000 Cache: 681s/115MB
AV: 00:00:36 / 00:23:40 (3%) A-V:  0.000 Cache: 683s/116MB
AV: 00:00:36 / 00:23:40 (3%) A-V:  0.000 Cache: 686s/116MB
AV: 00:00:41 / 00:23:40 (3%) A-V:  0.000 Cache: 682s/115MB
AV: 00:00:42 / 00:23:40 (3%) A-V:  0.000 Cache: 682s/115MB
AV: 00:00:42 / 00:23:40 (3%) A-V:  0.000 Cache: 683s/115MB
AV: 00:00:42 / 00:23:40 (3%) A-V:  0.000 Cache: 684s/115MB
AV: 00:00:42 / 00:23:40 (3%) A-V:  0.000 Cache: 685s/115MB
AV: 00:00:47 / 00:23:40 (3%) A-V:  0.000 Cache: 675s/112MB
AV: 00:00:57 / 00:23:40 (4%) A-V:  0.000 Cache: 667s/109MB
AV: 00:01:17 / 00:23:40 (5%) A-V:  0.000 Cache: 648s/99MB
AV: 00:01:27 / 00:23:40 (6%) A-V:  0.000 Cache: 641s/94MB
AV: 00:01:32 / 00:23:40 (6%) A-V: -0.000 Cache: 641s/94MB
AV: 00:01:32 / 00:23:40 (6%) A-V: -0.000 Cache: 642s/94MB
AV: 00:01:32 / 00:23:40 (6%) A-V:  0.000 Cache: 642s/94MB
AV: 00:01:32 / 00:23:40 (6%) A-V:  0.000 Cache: 645s/94MB
AV: 00:01:32 / 00:23:40 (6%) A-V:  0.000 Cache: 645s/95MB
AV: 00:01:32 / 00:23:40 (7%) A-V:  0.000 Cache: 646s/95MB
AV: 00:01:32 / 00:23:40 (7%) A-V: -0.000 Cache: 647s/95MB
AV: 00:01:32 / 00:23:40 (7%) A-V:  0.000 Cache: 648s/95MB
AV: 00:01:37 / 00:23:40 (7%) A-V:  0.000 Cache: 641s/91MB
AV: 00:01:42 / 00:23:40 (7%) A-V:  0.000 Cache: 641s/92MB
AV: 00:01:42 / 00:23:40 (7%) A-V:  0.000 Cache: 642s/92MB
AV: 00:01:42 / 00:23:40 (7%) A-V:  0.000 Cache: 643s/92MB
AV: 00:01:42 / 00:23:40 (7%) A-V:  0.000 Cache: 645s/92MB
AV: 00:01:47 / 00:23:40 (8%) A-V:  0.000 Cache: 638s/90MB
AV: 00:01:47 / 00:23:40 (8%) A-V:  0.000 Cache: 639s/90MB
AV: 00:02:02 / 00:23:40 (9%) A-V:  0.000 Cache: 629s/89MB
AV: 00:02:13 / 00:23:40 (9%) A-V:  0.000 Cache: 620s/88MB
AV: 00:02:18 / 00:23:40 (10%) A-V:  0.000 Cache: 612s/86MB
AV: 00:02:23 / 00:23:40 (10%) A-V:  0.000 Cache: 612s/86MB
AV: 00:02:23 / 00:23:40 (10%) A-V:  0.000 Cache: 613s/87MB
AV: 00:02:23 / 00:23:40 (10%) A-V:  0.000 Cache: 614s/87MB
AV: 00:02:23 / 00:23:40 (10%) A-V:  0.000 Cache: 615s/87MB
AV: 00:02:23 / 00:23:40 (10%) A-V:  0.000 Cache: 617s/87MB
AV: 00:02:23 / 00:23:40 (10%) A-V:  0.000 Cache: 619s/87MB
AV: 00:02:23 / 00:23:40 (10%) A-V:  0.000 Cache: 621s/87MB
AV: 00:02:23 / 00:23:40 (10%) A-V:  0.000 Cache: 623s/88MB
AV: 00:02:23 / 00:23:40 (10%) A-V:  0.000 Cache: 624s/88MB
AV: 00:02:23 / 00:23:40 (10%) A-V:  0.000 Cache: 625s/88MB
AV: 00:02:23 / 00:23:40 (10%) A-V:  0.000 Cache: 627s/88MB
AV: 00:02:23 / 00:23:40 (10%) A-V:  0.000 Cache: 628s/89MB
AV: 00:02:23 / 00:23:40 (10%) A-V:  0.000 Cache: 629s/89MB
AV: 00:02:23 / 00:23:40 (10%) A-V:  0.000 Cache: 631s/89MB
AV: 00:02:23 / 00:23:40 (10%) A-V:  0.000 Cache: 633s/90MB
AV: 00:02:23 / 00:23:40 (10%) A-V:  0.000 Cache: 636s/90MB
AV: 00:02:23 / 00:23:40 (10%) A-V:  0.000 Cache: 640s/90MB
AV: 00:02:23 / 00:23:40 (10%) A-V:  0.000 Cache: 642s/90MB
AV: 00:02:23 / 00:23:40 (10%) A-V:  0.000 Cache: 645s/91MB
AV: 00:02:23 / 00:23:40 (10%) A-V:  0.000 Cache: 647s/91MB
AV: 00:02:24 / 00:23:40 (10%) A-V:  0.000 Cache: 649s/91MB
AV: 00:02:24 / 00:23:40 (10%) A-V:  0.000 Cache: 651s/91MB
AV: 00:02:24 / 00:23:40 (10%) A-V:  0.000 Cache: 652s/92MB
AV: 00:02:24 / 00:23:40 (10%) A-V:  0.000 Cache: 651s/92MB
AV: 00:02:24 / 00:23:40 (10%) A-V:  0.000 Cache: 652s/92MB
AV: 00:02:24 / 00:23:40 (10%) A-V:  0.000 Cache: 654s/92MB
AV: 00:02:24 / 00:23:40 (10%) A-V:  0.000 Cache: 655s/92MB
AV: 00:02:24 / 00:23:40 (10%) A-V:  0.000 Cache: 656s/93MB
AV: 00:02:24 / 00:23:40 (10%) A-V:  0.000 Cache: 658s/93MB
AV: 00:02:24 / 00:23:40 (10%) A-V:  0.000 Cache: 662s/93MB
AV: 00:02:24 / 00:23:40 (10%) A-V:  0.000 Cache: 664s/93MB
AV: 00:02:24 / 00:23:40 (10%) A-V:  0.000 Cache: 666s/94MB
AV: 00:02:24 / 00:23:40 (10%) A-V:  0.000 Cache: 667s/94MB
AV: 00:02:19 / 00:23:40 (10%) A-V:  0.000 Cache: 679s/95MB
AV: 00:02:13 / 00:23:40 (9%) A-V:  0.000 Cache: 679s/95MB
AV: 00:02:13 / 00:23:40 (9%) A-V: -0.000 Cache: 680s/96MB
AV: 00:02:13 / 00:23:40 (9%) A-V:  0.000 Cache: 680s/96MB
AV: 00:02:08 / 00:23:40 (9%) A-V:  0.000 Cache: 696s/98MB
AV: 00:02:03 / 00:23:40 (9%) A-V:  0.000 Cache: 696s/98MB
AV: 00:02:03 / 00:23:40 (9%) A-V:  0.000 Cache: 697s/98MB
AV: 00:02:03 / 00:23:40 (9%) A-V:  0.000 Cache: 700s/98MB
AV: 00:02:03 / 00:23:40 (9%) A-V:  0.000 Cache: 704s/99MB
AV: 00:02:03 / 00:23:40 (9%) A-V:  0.000 Cache: 705s/99MB
AV: 00:02:03 / 00:23:40 (9%) A-V:  0.000 Cache: 706s/99MB
AV: 00:02:03 / 00:23:40 (9%) A-V:  0.000 Cache: 708s/99MB
AV: 00:02:03 / 00:23:40 (9%) A-V:  0.000 Cache: 709s/99MB
AV: 00:02:08 / 00:23:40 (9%) A-V:  0.000 Cache: 700s/98MB
AV: 00:02:13 / 00:23:40 (9%) A-V:  0.000 Cache: 700s/98MB
AV: 00:02:13 / 00:23:40 (9%) A-V: -0.000 Cache: 700s/98MB
AV: 00:02:13 / 00:23:40 (9%) A-V:  0.000 Cache: 706s/99MB
AV: 00:02:13 / 00:23:40 (9%) A-V:  0.000 Cache: 710s/99MB
AV: 00:02:13 / 00:23:40 (9%) A-V:  0.000 Cache: 715s/100MB
AV: 00:02:13 / 00:23:40 (9%) A-V:  0.000 Cache: 719s/100MB
AV: 00:02:13 / 00:23:40 (9%) A-V:  0.000 Cache: 721s/100MB
AV: 00:02:13 / 00:23:40 (9%) A-V:  0.000 Cache: 722s/101MB
AV: 00:02:13 / 00:23:40 (9%) A-V:  0.000 Cache: 723s/101MB
AV: 00:02:13 / 00:23:40 (9%) A-V:  0.000 Cache: 724s/101MB
AV: 00:02:13 / 00:23:40 (9%) A-V:  0.000 Cache: 725s/101MB
AV: 00:02:13 / 00:23:40 (9%) A-V:  0.000 Cache: 724s/101MB
AV: 00:02:13 / 00:23:40 (9%) A-V:  0.000 Cache: 725s/101MB
AV: 00:02:13 / 00:23:40 (9%) A-V:  0.000 Cache: 726s/102MB
AV: 00:02:13 / 00:23:40 (9%) A-V:  0.000 Cache: 727s/102MB
AV: 00:02:13 / 00:23:40 (9%) A-V:  0.000 Cache: 728s/102MB
AV: 00:02:14 / 00:23:40 (9%) A-V:  0.000 Cache: 728s/102MB
AV: 00:02:14 / 00:23:40 (9%) A-V:  0.000 Cache: 729s/102MB
AV: 00:02:14 / 00:23:40 (9%) A-V:  0.000 Cache: 730s/102MB
AV: 00:02:14 / 00:23:40 (9%) A-V:  0.000 Cache: 730s/103MB
AV: 00:02:14 / 00:23:40 (9%) A-V:  0.000 Cache: 731s/103MB
AV: 00:02:14 / 00:23:40 (9%) A-V:  0.000 Cache: 732s/103MB
AV: 00:02:14 / 00:23:40 (9%) A-V:  0.000 Cache: 733s/104MB
AV: 00:02:14 / 00:23:40 (9%) A-V:  0.000 Cache: 734s/104MB
AV: 00:02:14 / 00:23:40 (9%) A-V:  0.000 Cache: 736s/104MB
AV: 00:02:14 / 00:23:40 (9%) A-V:  0.000 Cache: 738s/105MB
AV: 00:02:14 / 00:23:40 (9%) A-V:  0.000 Cache: 739s/105MB
AV: 00:02:14 / 00:23:40 (10%) A-V:  0.000 Cache: 740s/105MB
AV: 00:02:15 / 00:23:40 (10%) A-V:  0.000 Cache: 740s/105MB
AV: 00:02:15 / 00:23:40 (10%) A-V:  0.000 Cache: 740s/106MB
AV: 00:02:15 / 00:23:40 (10%) A-V:  0.000 Cache: 740s/107MB
AV: 00:02:15 / 00:23:40 (10%) A-V:  0.000 Cache: 741s/107MB
AV: 00:02:15 / 00:23:40 (10%) A-V:  0.000 Cache: 743s/107MB
AV: 00:02:15 / 00:23:40 (10%) A-V:  0.000 Cache: 745s/108MB
AV: 00:02:15 / 00:23:40 (10%) A-V:  0.000 Cache: 746s/108MB
AV: 00:02:15 / 00:23:40 (10%) A-V:  0.000 Cache: 747s/108MB
AV: 00:02:15 / 00:23:40 (10%) A-V:  0.000 Cache: 748s/108MB
AV: 00:02:15 / 00:23:40 (10%) A-V:  0.000 Cache: 749s/109MB
AV: 00:02:16 / 00:23:40 (10%) A-V:  0.000 Cache: 749s/109MB
AV: 00:02:16 / 00:23:40 (10%) A-V:  0.000 Cache: 750s/109MB
AV: 00:02:16 / 00:23:40 (10%) A-V:  0.000 Cache: 751s/109MB
AV: 00:02:16 / 00:23:40 (10%) A-V:  0.000 Cache: 752s/109MB
AV: 00:02:16 / 00:23:40 (10%) A-V:  0.000 Cache: 753s/110MB
AV: 00:02:16 / 00:23:40 (10%) A-V:  0.000 Cache: 754s/110MB
AV: 00:02:16 / 00:23:40 (10%) A-V:  0.000 Cache: 756s/110MB
AV: 00:02:16 / 00:23:40 (10%) A-V:  0.000 Cache: 756s/111MB
AV: 00:02:16 / 00:23:40 (10%) A-V:  0.000 Cache: 757s/111MB
AV: 00:02:16 / 00:23:40 (10%) A-V:  0.000 Cache: 757s/112MB
AV: 00:02:16 / 00:23:40 (10%) A-V:  0.000 Cache: 758s/112MB
AV: 00:02:16 / 00:23:40 (10%) A-V:  0.000 Cache: 757s/112MB
AV: 00:02:17 / 00:23:40 (10%) A-V:  0.000 Cache: 758s/112MB
AV: 00:02:17 / 00:23:40 (10%) A-V:  0.000 Cache: 758s/113MB
AV: 00:02:17 / 00:23:40 (10%) A-V:  0.000 Cache: 759s/113MB
AV: 00:02:17 / 00:23:40 (10%) A-V:  0.000 Cache: 760s/113MB
AV: 00:02:17 / 00:23:40 (10%) A-V:  0.000 Cache: 761s/113MB
AV: 00:02:17 / 00:23:40 (10%) A-V:  0.000 Cache: 762s/114MB
AV: 00:02:17 / 00:23:40 (10%) A-V:  0.000 Cache: 765s/114MB
AV: 00:02:17 / 00:23:40 (10%) A-V:  0.000 Cache: 767s/114MB
AV: 00:02:17 / 00:23:40 (10%) A-V:  0.000 Cache: 769s/114MB
AV: 00:02:17 / 00:23:40 (10%) A-V:  0.000 Cache: 771s/115MB
AV: 00:02:17 / 00:23:40 (10%) A-V:  0.000 Cache: 772s/115MB
AV: 00:02:17 / 00:23:40 (10%) A-V:  0.000 Cache: 773s/115MB
AV: 00:02:17 / 00:23:40 (10%) A-V:  0.000 Cache: 774s/115MB
AV: 00:02:17 / 00:23:40 (10%) A-V:  0.000 Cache: 775s/115MB
AV: 00:02:17 / 00:23:40 (10%) A-V:  0.000 Cache: 777s/116MB
AV: 00:02:17 / 00:23:40 (10%) A-V:  0.000 Cache: 780s/116MB
AV: 00:02:18 / 00:23:40 (10%) A-V:  0.000 Cache: 783s/116MB
AV: 00:02:18 / 00:23:40 (10%) A-V:  0.000 Cache: 784s/116MB
AV: 00:02:18 / 00:23:40 (10%) A-V:  0.000 Cache: 785s/117MB
AV: 00:02:18 / 00:23:40 (10%) A-V:  0.000 Cache: 786s/117MB
AV: 00:02:18 / 00:23:40 (10%) A-V:  0.000 Cache: 787s/117MB
AV: 00:02:18 / 00:23:40 (10%) A-V:  0.000 Cache: 788s/117MB
AV: 00:02:18 / 00:23:40 (10%) A-V:  0.000 Cache: 788s/118MB
AV: 00:02:18 / 00:23:40 (10%) A-V:  0.000 Cache: 789s/118MB
AV: 00:02:18 / 00:23:40 (10%) A-V:  0.000 Cache: 790s/118MB
AV: 00:02:18 / 00:23:40 (10%) A-V:  0.000 Cache: 791s/119MB
AV: 00:02:18 / 00:23:40 (10%) A-V:  0.000 Cache: 793s/119MB
AV: 00:02:18 / 00:23:40 (10%) A-V:  0.000 Cache: 793s/120MB
AV: 00:02:18 / 00:23:40 (10%) A-V:  0.000 Cache: 794s/120MB
AV: 00:02:19 / 00:23:40 (10%) A-V:  0.000 Cache: 794s/120MB
AV: 00:02:19 / 00:23:40 (10%) A-V:  0.000 Cache: 796s/120MB
AV: 00:02:19 / 00:23:40 (10%) A-V:  0.000 Cache: 798s/120MB
AV: 00:02:19 / 00:23:40 (10%) A-V:  0.000 Cache: 803s/121MB
AV: 00:02:19 / 00:23:40 (10%) A-V:  0.000 Cache: 804s/121MB
AV: 00:02:19 / 00:23:40 (10%) A-V:  0.000 Cache: 803s/121MB
AV: 00:02:19 / 00:23:40 (10%) A-V:  0.000 Cache: 806s/121MB
AV: 00:02:19 / 00:23:40 (10%) A-V:  0.000 Cache: 813s/122MB
AV: 00:02:20 / 00:23:40 (10%) A-V:  0.000 Cache: 813s/122MB
AV: 00:02:20 / 00:23:40 (10%) A-V:  0.000 Cache: 829s/124MB
AV: 00:02:20 / 00:23:40 (10%) A-V:  0.000 Cache: 838s/124MB
AV: 00:02:20 / 00:23:40 (10%) A-V:  0.000 Cache: 843s/125MB
AV: 00:02:20 / 00:23:40 (10%) A-V:  0.000 Cache: 848s/125MB
AV: 00:02:20 / 00:23:40 (10%) A-V:  0.000 Cache: 848s/126MB
AV: 00:02:20 / 00:23:40 (10%) A-V:  0.000 Cache: 849s/126MB
AV: 00:02:20 / 00:23:40 (10%) A-V:  0.000 Cache: 850s/126MB
AV: 00:02:20 / 00:23:40 (10%) A-V:  0.000 Cache: 851s/126MB
AV: 00:02:20 / 00:23:40 (10%) A-V:  0.000 Cache: 852s/126MB
AV: 00:02:20 / 00:23:40 (10%) A-V:  0.000 Cache: 853s/126MB
AV: 00:02:20 / 00:23:40 (10%) A-V:  0.000 Cache: 861s/127MB
AV: 00:02:20 / 00:23:40 (10%) A-V:  0.000 Cache: 862s/127MB
AV: 00:02:21 / 00:23:40 (10%) A-V:  0.000 Cache: 865s/128MB
AV: 00:02:21 / 00:23:40 (10%) A-V:  0.000 Cache: 866s/128MB
AV: 00:02:21 / 00:23:40 (10%) A-V:  0.000 Cache: 867s/128MB
AV: 00:02:21 / 00:23:40 (10%) A-V:  0.000 Cache: 870s/129MB
AV: 00:02:21 / 00:23:40 (10%) A-V:  0.000 Cache: 871s/129MB
AV: 00:02:21 / 00:23:40 (10%) A-V:  0.000 Cache: 875s/129MB
AV: 00:02:21 / 00:23:40 (10%) A-V:  0.000 Cache: 876s/129MB
AV: 00:02:21 / 00:23:40 (10%) A-V:  0.000 Cache: 878s/129MB
AV: 00:02:21 / 00:23:40 (10%) A-V:  0.000 Cache: 880s/130MB
AV: 00:02:21 / 00:23:40 (10%) A-V:  0.000 Cache: 881s/130MB
AV: 00:02:21 / 00:23:40 (10%) A-V:  0.000 Cache: 883s/130MB
AV: 00:02:21 / 00:23:40 (10%) A-V:  0.000 Cache: 883s/131MB
AV: 00:02:21 / 00:23:40 (10%) A-V:  0.000 Cache: 884s/131MB
AV: 00:02:22 / 00:23:40 (10%) A-V:  0.000 Cache: 884s/131MB
AV: 00:02:22 / 00:23:40 (10%) A-V:  0.000 Cache: 884s/132MB
AV: 00:02:22 / 00:23:40 (10%) A-V:  0.000 Cache: 885s/132MB
AV: 00:02:22 / 00:23:40 (10%) A-V:  0.000 Cache: 886s/132MB
AV: 00:02:22 / 00:23:40 (10%) A-V:  0.000 Cache: 887s/132MB
AV: 00:02:22 / 00:23:40 (10%) A-V:  0.000 Cache: 888s/132MB
AV: 00:02:22 / 00:23:40 (10%) A-V:  0.000 Cache: 890s/133MB
AV: 00:02:22 / 00:23:40 (10%) A-V:  0.000 Cache: 891s/133MB
AV: 00:02:22 / 00:23:40 (10%) A-V:  0.000 Cache: 893s/133MB
AV: 00:02:22 / 00:23:40 (10%) A-V:  0.000 Cache: 894s/133MB
AV: 00:02:22 / 00:23:40 (10%) A-V:  0.000 Cache: 897s/134MB
AV: 00:02:22 / 00:23:40 (10%) A-V:  0.000 Cache: 898s/134MB
AV: 00:02:22 / 00:23:40 (10%) A-V:  0.000 Cache: 900s/134MB
AV: 00:02:22 / 00:23:40 (10%) A-V:  0.000 Cache: 901s/134MB
AV: 00:02:22 / 00:23:40 (10%) A-V:  0.000 Cache: 902s/134MB
AV: 00:02:22 / 00:23:40 (10%) A-V:  0.000 Cache: 903s/134MB
AV: 00:02:22 / 00:23:40 (10%) A-V:  0.000 Cache: 904s/135MB
AV: 00:02:22 / 00:23:40 (10%) A-V:  0.000 Cache: 907s/135MB
AV: 00:02:22 / 00:23:40 (10%) A-V:  0.000 Cache: 909s/135MB
AV: 00:02:22 / 00:23:40 (10%) A-V:  0.000 Cache: 910s/135MB
AV: 00:02:23 / 00:23:40 (10%) A-V:  0.000 Cache: 910s/135MB
AV: 00:02:23 / 00:23:40 (10%) A-V:  0.000 Cache: 914s/136MB
AV: 00:02:23 / 00:23:40 (10%) A-V:  0.000 Cache: 916s/136MB
AV: 00:02:23 / 00:23:40 (10%) A-V:  0.000 Cache: 917s/136MB
AV: 00:02:23 / 00:23:40 (10%) A-V:  0.000 Cache: 919s/136MB
AV: 00:02:23 / 00:23:40 (10%) A-V:  0.000 Cache: 920s/136MB
AV: 00:02:23 / 00:23:40 (10%) A-V:  0.000 Cache: 922s/137MB
AV: 00:02:23 / 00:23:40 (10%) A-V:  0.000 Cache: 923s/137MB
AV: 00:02:23 / 00:23:40 (10%) A-V:  0.000 Cache: 924s/137MB
AV: 00:02:23 / 00:23:40 (10%) A-V:  0.000 Cache: 925s/137MB
AV: 00:02:23 / 00:23:40 (10%) A-V:  0.000 Cache: 926s/137MB
AV: 00:02:23 / 00:23:40 (10%) A-V:  0.000 Cache: 927s/137MB
AV: 00:02:23 / 00:23:40 (10%) A-V:  0.000 Cache: 928s/138MB
AV: 00:02:23 / 00:23:40 (10%) A-V:  0.000 Cache: 929s/138MB
AV: 00:02:23 / 00:23:40 (10%) A-V:  0.000 Cache: 930s/138MB
AV: 00:02:23 / 00:23:40 (10%) A-V:  0.000 Cache: 931s/138MB
AV: 00:02:23 / 00:23:40 (10%) A-V:  0.000 Cache: 932s/138MB
AV: 00:02:23 / 00:23:40 (10%) A-V:  0.000 Cache: 934s/139MB
AV: 00:02:23 / 00:23:40 (10%) A-V:  0.000 Cache: 938s/139MB
AV: 00:02:23 / 00:23:40 (10%) A-V:  0.000 Cache: 939s/139MB
AV: 00:02:23 / 00:23:40 (10%) A-V:  0.000 Cache: 941s/139MB
AV: 00:02:23 / 00:23:40 (10%) A-V:  0.000 Cache: 944s/139MB
AV: 00:02:24 / 00:23:40 (10%) A-V:  0.000 Cache: 946s/140MB
AV: 00:02:24 / 00:23:40 (10%) A-V:  0.000 Cache: 948s/140MB
AV: 00:02:24 / 00:23:40 (10%) A-V:  0.000 Cache: 949s/140MB
AV: 00:02:24 / 00:23:40 (10%) A-V:  0.000 Cache: 951s/140MB
AV: 00:02:24 / 00:23:40 (10%) A-V:  0.000 Cache: 953s/140MB
AV: 00:02:24 / 00:23:40 (10%) A-V:  0.000 Cache: 955s/141MB
AV: 00:02:24 / 00:23:40 (10%) A-V:  0.000 Cache: 956s/141MB
AV: 00:02:24 / 00:23:40 (10%) A-V:  0.000 Cache: 957s/141MB
AV: 00:02:24 / 00:23:40 (10%) A-V:  0.000 Cache: 959s/141MB
AV: 00:02:24 / 00:23:40 (10%) A-V:  0.000 Cache: 960s/141MB
AV: 00:02:24 / 00:23:40 (10%) A-V:  0.000 Cache: 961s/141MB
AV: 00:02:24 / 00:23:40 (10%) A-V:  0.000 Cache: 961s/142MB
AV: 00:02:24 / 00:23:40 (10%) A-V:  0.000 Cache: 962s/142MB
AV: 00:02:24 / 00:23:40 (10%) A-V:  0.000 Cache: 963s/142MB
AV: 00:02:24 / 00:23:40 (10%) A-V:  0.000 Cache: 962s/142MB
AV: 00:02:24 / 00:23:40 (10%) A-V:  0.000 Cache: 963s/142MB
AV: 00:02:24 / 00:23:40 (10%) A-V:  0.000 Cache: 962s/142MB
AV: 00:02:24 / 00:23:40 (10%) A-V:  0.000 Cache: 963s/142MB
AV: 00:02:25 / 00:23:40 (10%) A-V:  0.000 Cache: 964s/142MB
AV: 00:02:25 / 00:23:40 (10%) A-V:  0.000 Cache: 965s/142MB
AV: 00:02:25 / 00:23:40 (10%) A-V:  0.000 Cache: 965s/143MB
AV: 00:02:25 / 00:23:40 (10%) A-V:  0.000 Cache: 966s/143MB
AV: 00:02:25 / 00:23:40 (10%) A-V:  0.000 Cache: 966s/144MB
AV: 00:02:25 / 00:23:40 (10%) A-V:  0.000 Cache: 967s/144MB
AV: 00:02:25 / 00:23:40 (10%) A-V:  0.000 Cache: 967s/145MB
AV: 00:02:25 / 00:23:40 (10%) A-V:  0.000 Cache: 968s/145MB
AV: 00:02:25 / 00:23:40 (10%) A-V:  0.000 Cache: 968s/146MB
AV: 00:02:26 / 00:23:40 (10%) A-V:  0.000 Cache: 968s/146MB
AV: 00:02:26 / 00:23:40 (10%) A-V:  0.000 Cache: 969s/146MB
AV: 00:02:26 / 00:23:40 (10%) A-V:  0.000 Cache: 971s/146MB
AV: 00:02:26 / 00:23:40 (10%) A-V:  0.000 Cache: 974s/147MB
AV: 00:02:26 / 00:23:40 (10%) A-V:  0.000 Cache: 975s/147MB
AV: 00:02:26 / 00:23:40 (10%) A-V:  0.000 Cache: 977s/147MB
AV: 00:02:26 / 00:23:40 (10%) A-V:  0.000 Cache: 978s/147MB
AV: 00:02:26 / 00:23:40 (10%) A-V:  0.000 Cache: 979s/148MB
AV: 00:02:26 / 00:23:40 (10%) A-V:  0.000 Cache: 980s/148MB
AV: 00:02:26 / 00:23:40 (10%) A-V:  0.000 Cache: 981s/148MB
AV: 00:02:26 / 00:23:40 (10%) A-V:  0.000 Cache: 982s/148MB
AV: 00:02:26 / 00:23:40 (10%) A-V:  0.000 Cache: 986s/149MB
AV: 00:02:26 / 00:23:40 (10%) A-V:  0.000 Cache: 988s/149MB
AV: 00:02:26 / 00:23:40 (10%) A-V:  0.000 Cache: 991s/150MB
AV: 00:02:27 / 00:23:40 (10%) A-V:  0.000 Cache: 991s/150MB
AV: 00:02:28 / 00:23:40 (10%) A-V:  0.000 Cache: 991s/150MB
AV: 00:02:28 / 00:23:40 (10%) A-V:  0.000 Cache: 990s/150MB
AV: 00:02:29 / 00:23:40 (10%) A-V:  0.000 Cache: 990s/150MB
AV: 00:02:29 / 00:23:40 (11%) A-V:  0.000 Cache: 990s/150MB
AV: 00:02:30 / 00:23:40 (11%) A-V:  0.000 Cache: 990s/150MB
AV: 00:02:30 / 00:23:40 (11%) A-V:  0.000 Cache: 989s/150MB
AV: 00:02:31 / 00:23:40 (11%) A-V:  0.000 Cache: 989s/150MB
AV: 00:02:32 / 00:23:40 (11%) A-V:  0.000 Cache: 989s/150MB
AV: 00:02:32 / 00:23:40 (11%) A-V:  0.000 Cache: 988s/150MB
AV: 00:02:32 / 00:23:40 (11%) A-V:  0.000 Cache: 989s/150MB
AV: 00:02:32 / 00:23:40 (11%) A-V:  0.000 Cache: 988s/150MB
AV: 00:02:33 / 00:23:40 (11%) A-V:  0.000 Cache: 988s/150MB
AV: 00:02:34 / 00:23:40 (11%) A-V:  0.000 Cache: 987s/150MB
AV: 00:02:35 / 00:23:40 (11%) A-V:  0.000 Cache: 987s/150MB
AV: 00:02:36 / 00:23:40 (11%) A-V:  0.000 Cache: 987s/150MB
AV: 00:02:36 / 00:23:40 (11%) A-V:  0.000 Cache: 986s/150MB
AV: 00:02:37 / 00:23:40 (11%) A-V:  0.000 Cache: 986s/150MB
AV: 00:02:38 / 00:23:40 (11%) A-V:  0.000 Cache: 986s/150MB
AV: 00:02:39 / 00:23:40 (11%) A-V:  0.000 Cache: 986s/150MB
AV: 00:02:39 / 00:23:40 (11%) A-V:  0.000 Cache: 987s/150MB
AV: 00:02:39 / 00:23:40 (11%) A-V:  0.000 Cache: 986s/150MB
AV: 00:02:39 / 00:23:40 (11%) A-V:  0.000 Cache: 987s/150MB
AV: 00:02:40 / 00:23:40 (11%) A-V:  0.000 Cache: 987s/150MB
AV: 00:02:41 / 00:23:40 (11%) A-V:  0.000 Cache: 987s/150MB
AV: 00:02:41 / 00:23:40 (11%) A-V:  0.000 Cache: 986s/150MB
AV: 00:02:42 / 00:23:40 (11%) A-V:  0.000 Cache: 986s/150MB
AV: 00:02:43 / 00:23:40 (11%) A-V:  0.000 Cache: 986s/150MB
AV: 00:02:43 / 00:23:40 (12%) A-V:  0.000 Cache: 986s/150MB
AV: 00:02:44 / 00:23:40 (12%) A-V:  0.000 Cache: 986s/150MB
AV: 00:02:44 / 00:23:40 (12%) A-V:  0.000 Cache: 985s/150MB
AV: 00:02:45 / 00:23:40 (12%) A-V:  0.000 Cache: 985s/150MB
AV: 00:02:46 / 00:23:40 (12%) A-V:  0.000 Cache: 985s/150MB
AV: 00:02:46 / 00:23:40 (12%) A-V:  0.000 Cache: 984s/150MB
AV: 00:02:47 / 00:23:40 (12%) A-V:  0.000 Cache: 984s/150MB
AV: 00:02:48 / 00:23:40 (12%) A-V:  0.000 Cache: 984s/150MB
AV: 00:02:48 / 00:23:40 (12%) A-V:  0.000 Cache: 983s/150MB
AV: 00:02:49 / 00:23:40 (12%) A-V:  0.000 Cache: 983s/150MB
AV: 00:02:50 / 00:23:40 (12%) A-V:  0.000 Cache: 983s/150MB
AV: 00:02:50 / 00:23:40 (12%) A-V:  0.000 Cache: 982s/150MB
AV: 00:02:51 / 00:23:40 (12%) A-V:  0.000 Cache: 982s/150MB
AV: 00:02:51 / 00:23:40 (12%) A-V:  0.000 Cache: 981s/150MB
AV: 00:02:52 / 00:23:40 (12%) A-V:  0.000 Cache: 981s/150MB
AV: 00:02:52 / 00:23:40 (12%) A-V:  0.000 Cache: 982s/150MB
AV: 00:02:52 / 00:23:40 (12%) A-V:  0.000 Cache: 981s/150MB
AV: 00:02:53 / 00:23:40 (12%) A-V:  0.000 Cache: 981s/150MB
AV: 00:02:54 / 00:23:40 (12%) A-V:  0.000 Cache: 981s/150MB
AV: 00:02:55 / 00:23:40 (12%) A-V:  0.000 Cache: 981s/150MB
AV: 00:02:55 / 00:23:40 (12%) A-V:  0.000 Cache: 980s/150MB
AV: 00:02:56 / 00:23:40 (12%) A-V:  0.000 Cache: 980s/150MB
AV: 00:02:57 / 00:23:40 (12%) A-V:  0.000 Cache: 980s/150MB
AV: 00:02:57 / 00:23:40 (13%) A-V:  0.000 Cache: 980s/150MB
AV: 00:02:58 / 00:23:40 (13%) A-V:  0.000 Cache: 980s/150MB
AV: 00:02:58 / 00:23:40 (13%) A-V:  0.000 Cache: 979s/150MB
AV: 00:02:58 / 00:23:40 (13%) A-V:  0.000 Cache: 980s/150MB
AV: 00:02:58 / 00:23:40 (13%) A-V:  0.000 Cache: 979s/150MB
AV: 00:02:59 / 00:23:40 (13%) A-V:  0.000 Cache: 979s/150MB
AV: 00:03:00 / 00:23:40 (13%) A-V:  0.000 Cache: 979s/150MB
AV: 00:03:00 / 00:23:40 (13%) A-V:  0.000 Cache: 978s/150MB
AV: 00:03:01 / 00:23:40 (13%) A-V:  0.000 Cache: 978s/150MB
AV: 00:03:02 / 00:23:40 (13%) A-V:  0.000 Cache: 978s/150MB
AV: 00:03:03 / 00:23:40 (13%) A-V:  0.000 Cache: 978s/150MB
AV: 00:03:03 / 00:23:40 (13%) A-V:  0.000 Cache: 977s/150MB
AV: 00:03:04 / 00:23:40 (13%) A-V:  0.000 Cache: 977s/150MB
AV: 00:03:05 / 00:23:40 (13%) A-V:  0.000 Cache: 977s/150MB
AV: 00:03:05 / 00:23:40 (13%) A-V:  0.000 Cache: 976s/150MB
AV: 00:03:06 / 00:23:40 (13%) A-V:  0.000 Cache: 976s/150MB
AV: 00:03:06 / 00:23:40 (13%) A-V:  0.000 Cache: 975s/150MB
AV: 00:03:07 / 00:23:40 (13%) A-V:  0.000 Cache: 975s/150MB
AV: 00:03:08 / 00:23:40 (13%) A-V:  0.000 Cache: 975s/150MB
AV: 00:03:08 / 00:23:40 (13%) A-V:  0.000 Cache: 974s/150MB
AV: 00:03:09 / 00:23:40 (13%) A-V:  0.000 Cache: 974s/150MB
AV: 00:03:10 / 00:23:40 (13%) A-V:  0.000 Cache: 973s/150MB
AV: 00:03:10 / 00:23:40 (13%) A-V:  0.000 Cache: 974s/150MB
AV: 00:03:10 / 00:23:40 (13%) A-V:  0.000 Cache: 973s/150MB
AV: 00:03:11 / 00:23:40 (13%) A-V:  0.000 Cache: 973s/150MB
AV: 00:03:11 / 00:23:40 (14%) A-V:  0.000 Cache: 973s/150MB
AV: 00:03:12 / 00:23:40 (14%) A-V:  0.000 Cache: 972s/150MB
AV: 00:03:12 / 00:23:40 (14%) A-V:  0.000 Cache: 973s/150MB
AV: 00:03:12 / 00:23:40 (14%) A-V:  0.000 Cache: 974s/150MB
AV: 00:03:13 / 00:23:40 (14%) A-V:  0.000 Cache: 974s/150MB
AV: 00:03:13 / 00:23:40 (14%) A-V: -0.000 Cache: 974s/150MB
AV: 00:03:13 / 00:23:40 (14%) A-V:  0.000 Cache: 974s/150MB
AV: 00:03:14 / 00:23:40 (14%) A-V:  0.000 Cache: 974s/150MB
AV: 00:03:14 / 00:23:40 (14%) A-V:  0.000 Cache: 973s/150MB
AV: 00:03:15 / 00:23:40 (14%) A-V:  0.000 Cache: 973s/150MB
AV: 00:03:16 / 00:23:40 (14%) A-V:  0.000 Cache: 973s/150MB
AV: 00:03:17 / 00:23:40 (14%) A-V:  0.000 Cache: 973s/150MB
AV: 00:03:18 / 00:23:40 (14%) A-V:  0.000 Cache: 973s/150MB
AV: 00:03:18 / 00:23:40 (14%) A-V:  0.000 Cache: 972s/150MB
AV: 00:03:19 / 00:23:40 (14%) A-V:  0.000 Cache: 972s/150MB
AV: 00:03:20 / 00:23:40 (14%) A-V:  0.000 Cache: 972s/150MB
AV: 00:03:21 / 00:23:40 (14%) A-V:  0.000 Cache: 972s/150MB
AV: 00:03:21 / 00:23:40 (14%) A-V:  0.000 Cache: 971s/150MB
AV: 00:03:21 / 00:23:40 (14%) A-V:  0.000 Cache: 972s/150MB
AV: 00:03:22 / 00:23:40 (14%) A-V:  0.000 Cache: 972s/150MB
AV: 00:03:22 / 00:23:40 (14%) A-V:  0.000 Cache: 973s/150MB
AV: 00:03:23 / 00:23:40 (14%) A-V:  0.000 Cache: 973s/150MB
AV: 00:03:23 / 00:23:40 (14%) A-V:  0.000 Cache: 972s/150MB
AV: 00:03:24 / 00:23:40 (14%) A-V:  0.000 Cache: 972s/150MB
AV: 00:03:25 / 00:23:40 (14%) A-V:  0.000 Cache: 972s/150MB
AV: 00:03:25 / 00:23:40 (15%) A-V:  0.000 Cache: 972s/150MB
AV: 00:03:26 / 00:23:40 (15%) A-V:  0.000 Cache: 972s/150MB
AV: 00:03:26 / 00:23:40 (15%) A-V:  0.000 Cache: 971s/150MB
AV: 00:03:26 / 00:23:40 (15%) A-V:  0.000 Cache: 972s/150MB
AV: 00:03:26 / 00:23:40 (15%) A-V:  0.000 Cache: 971s/150MB
AV: 00:03:27 / 00:23:40 (15%) A-V:  0.000 Cache: 971s/150MB
AV: 00:03:27 / 00:23:40 (15%) A-V:  0.000 Cache: 972s/150MB
AV: 00:03:27 / 00:23:40 (15%) A-V:  0.000 Cache: 973s/150MB
AV: 00:03:28 / 00:23:40 (15%) A-V:  0.000 Cache: 973s/150MB
AV: 00:03:29 / 00:23:40 (15%) A-V:  0.000 Cache: 973s/150MB
AV: 00:03:30 / 00:23:40 (15%) A-V:  0.000 Cache: 973s/150MB
AV: 00:03:31 / 00:23:40 (15%) A-V:  0.000 Cache: 973s/150MB
AV: 00:03:31 / 00:23:40 (15%) A-V:  0.000 Cache: 974s/150MB
AV: 00:03:32 / 00:23:40 (15%) A-V:  0.000 Cache: 974s/150MB
AV: 00:03:32 / 00:23:40 (15%) A-V:  0.000 Cache: 975s/150MB
AV: 00:03:33 / 00:23:40 (15%) A-V:  0.000 Cache: 975s/150MB
AV: 00:03:33 / 00:23:40 (15%) A-V:  0.000 Cache: 976s/150MB
AV: 00:03:34 / 00:23:40 (15%) A-V:  0.000 Cache: 976s/150MB
AV: 00:03:34 / 00:23:40 (15%) A-V: -0.000 Cache: 976s/150MB
AV: 00:03:34 / 00:23:40 (15%) A-V:  0.000 Cache: 976s/150MB
AV: 00:03:34 / 00:23:40 (15%) A-V:  0.000 Cache: 977s/150MB
AV: 00:03:34 / 00:23:40 (15%) A-V:  0.000 Cache: 976s/150MB
AV: 00:03:35 / 00:23:40 (15%) A-V:  0.000 Cache: 976s/150MB
AV: 00:03:35 / 00:23:40 (15%) A-V:  0.000 Cache: 977s/150MB
AV: 00:03:36 / 00:23:40 (15%) A-V:  0.000 Cache: 977s/150MB
AV: 00:03:36 / 00:23:40 (15%) A-V:  0.000 Cache: 976s/150MB
AV: 00:03:37 / 00:23:40 (15%) A-V:  0.000 Cache: 976s/150MB
AV: 00:03:37 / 00:23:40 (15%) A-V:  0.000 Cache: 977s/150MB
AV: 00:03:37 / 00:23:40 (15%) A-V:  0.000 Cache: 976s/150MB
AV: 00:03:37 / 00:23:40 (15%) A-V:  0.000 Cache: 977s/150MB
AV: 00:03:38 / 00:23:40 (15%) A-V:  0.000 Cache: 977s/150MB
AV: 00:03:38 / 00:23:40 (15%) A-V:  0.000 Cache: 978s/150MB
AV: 00:03:38 / 00:23:40 (15%) A-V:  0.000 Cache: 979s/150MB
AV: 00:03:39 / 00:23:40 (15%) A-V:  0.000 Cache: 979s/150MB
AV: 00:03:39 / 00:23:40 (15%) A-V:  0.000 Cache: 980s/150MB
AV: 00:03:39 / 00:23:40 (15%) A-V:  0.000 Cache: 981s/150MB
AV: 00:03:40 / 00:23:40 (15%) A-V:  0.000 Cache: 982s/150MB
AV: 00:03:40 / 00:23:40 (16%) A-V:  0.000 Cache: 982s/150MB
AV: 00:03:40 / 00:23:40 (16%) A-V:  0.000 Cache: 983s/150MB
AV: 00:03:40 / 00:23:40 (16%) A-V:  0.000 Cache: 982s/150MB
AV: 00:03:41 / 00:23:40 (16%) A-V:  0.000 Cache: 982s/150MB
AV: 00:03:41 / 00:23:40 (16%) A-V:  0.000 Cache: 983s/150MB
AV: 00:03:41 / 00:23:40 (16%) A-V:  0.000 Cache: 984s/150MB
AV: 00:03:41 / 00:23:40 (16%) A-V:  0.000 Cache: 985s/150MB
AV: 00:03:42 / 00:23:40 (16%) A-V:  0.000 Cache: 985s/150MB
AV: 00:03:42 / 00:23:40 (16%) A-V:  0.000 Cache: 986s/150MB
AV: 00:03:42 / 00:23:40 (16%) A-V:  0.000 Cache: 987s/150MB
AV: 00:03:43 / 00:23:40 (16%) A-V:  0.000 Cache: 987s/150MB
AV: 00:03:43 / 00:23:40 (16%) A-V:  0.000 Cache: 988s/150MB
AV: 00:03:43 / 00:23:40 (16%) A-V:  0.000 Cache: 989s/150MB
AV: 00:03:44 / 00:23:40 (16%) A-V:  0.000 Cache: 989s/150MB
AV: 00:03:44 / 00:23:40 (16%) A-V:  0.000 Cache: 990s/150MB
AV: 00:03:44 / 00:23:40 (16%) A-V:  0.000 Cache: 989s/150MB
AV: 00:03:44 / 00:23:40 (16%) A-V:  0.000 Cache: 990s/150MB
AV: 00:03:45 / 00:23:40 (16%) A-V:  0.000 Cache: 990s/150MB
AV: 00:03:46 / 00:23:40 (16%) A-V:  0.000 Cache: 990s/150MB
AV: 00:03:46 / 00:23:40 (16%) A-V:  0.000 Cache: 991s/150MB
AV: 00:03:46 / 00:23:40 (16%) A-V:  0.000 Cache: 990s/150MB
AV: 00:03:46 / 00:23:40 (16%) A-V:  0.000 Cache: 991s/150MB
AV: 00:03:46 / 00:23:40 (16%) A-V:  0.000 Cache: 990s/150MB
AV: 00:03:46 / 00:23:40 (16%) A-V:  0.000 Cache: 991s/150MB
AV: 00:03:46 / 00:23:40 (16%) A-V:  0.000 Cache: 990s/150MB
AV: 00:03:46 / 00:23:40 (16%) A-V:  0.000 Cache: 991s/150MB
AV: 00:03:47 / 00:23:40 (16%) A-V:  0.000 Cache: 991s/150MB
AV: 00:03:47 / 00:23:40 (16%) A-V:  0.000 Cache: 991s/149MB
AV: 00:03:47 / 00:23:40 (16%) A-V:  0.000 Cache: 991s/150MB
AV: 00:03:47 / 00:23:40 (16%) A-V:  0.000 Cache: 992s/150MB
AV: 00:03:47 / 00:23:40 (16%) A-V:  0.000 Cache: 991s/150MB
AV: 00:03:47 / 00:23:40 (16%) A-V:  0.000 Cache: 992s/149MB
AV: 00:03:47 / 00:23:40 (16%) A-V:  0.000 Cache: 992s/150MB
AV: 00:03:47 / 00:23:40 (16%) A-V:  0.000 Cache: 991s/150MB
AV: 00:03:47 / 00:23:40 (16%) A-V:  0.000 Cache: 992s/150MB
AV: 00:03:48 / 00:23:40 (16%) A-V:  0.000 Cache: 991s/150MB
AV: 00:03:49 / 00:23:40 (16%) A-V:  0.000 Cache: 991s/150MB
AV: 00:03:50 / 00:23:40 (16%) A-V:  0.000 Cache: 991s/150MB
AV: 00:03:51 / 00:23:40 (16%) A-V:  0.000 Cache: 991s/150MB
AV: 00:03:51 / 00:23:40 (16%) A-V:  0.000 Cache: 990s/150MB
AV: 00:03:52 / 00:23:40 (16%) A-V:  0.000 Cache: 990s/150MB
AV: 00:03:52 / 00:23:40 (16%) A-V:  0.000 Cache: 991s/150MB
AV: 00:03:52 / 00:23:40 (16%) A-V:  0.000 Cache: 990s/150MB
AV: 00:03:53 / 00:23:40 (16%) A-V:  0.000 Cache: 990s/150MB
AV: 00:03:54 / 00:23:40 (16%) A-V:  0.000 Cache: 990s/150MB
AV: 00:03:54 / 00:23:40 (17%) A-V:  0.000 Cache: 990s/150MB
AV: 00:03:54 / 00:23:40 (17%) A-V:  0.000 Cache: 989s/150MB
AV: 00:03:55 / 00:23:40 (17%) A-V:  0.000 Cache: 989s/150MB
AV: 00:03:56 / 00:23:40 (17%) A-V:  0.000 Cache: 989s/150MB
AV: 00:03:57 / 00:23:40 (17%) A-V:  0.000 Cache: 989s/150MB
AV: 00:03:58 / 00:23:40 (17%) A-V:  0.000 Cache: 989s/150MB
AV: 00:03:58 / 00:23:40 (17%) A-V:  0.000 Cache: 990s/150MB
AV: 00:03:59 / 00:23:40 (17%) A-V:  0.000 Cache: 990s/150MB
AV: 00:03:59 / 00:23:40 (17%) A-V:  0.000 Cache: 991s/150MB
AV: 00:04:00 / 00:23:40 (17%) A-V:  0.000 Cache: 991s/150MB
AV: 00:04:01 / 00:23:40 (17%) A-V:  0.000 Cache: 991s/150MB
AV: 00:04:01 / 00:23:40 (17%) A-V:  0.000 Cache: 992s/150MB
AV: 00:04:02 / 00:23:40 (17%) A-V:  0.000 Cache: 992s/150MB
AV: 00:04:02 / 00:23:40 (17%) A-V:  0.000 Cache: 993s/150MB
AV: 00:04:07 / 00:23:40 (17%) A-V:  0.000 Cache: 989s/150MB
AV: 00:04:07 / 00:23:40 (17%) A-V:  0.000 Cache: 989s/149MB
AV: 00:04:13 / 00:23:40 (18%) A-V:  0.000 Cache: 989s/150MB
AV: 00:04:18 / 00:23:40 (18%) A-V:  0.000 Cache: 988s/150MB
AV: 00:04:18 / 00:23:40 (18%) A-V:  0.000 Cache: 988s/149MB
AV: 00:04:38 / 00:23:40 (20%) A-V:  0.000 Cache: 988s/150MB
AV: 00:04:58 / 00:23:40 (21%) A-V:  0.000 Cache: 986s/149MB
AV: 00:05:08 / 00:23:40 (22%) A-V:  0.000 Cache: 976s/148MB
AV: 00:05:13 / 00:23:40 (22%) A-V:  0.000 Cache: 976s/148MB
AV: 00:05:13 / 00:23:40 (22%) A-V:  0.000 Cache: 978s/148MB
AV: 00:05:13 / 00:23:40 (22%) A-V:  0.000 Cache: 980s/148MB
AV: 00:05:13 / 00:23:40 (22%) A-V:  0.000 Cache: 981s/148MB
AV: 00:05:13 / 00:23:40 (22%) A-V:  0.000 Cache: 981s/149MB
AV: 00:05:13 / 00:23:40 (22%) A-V:  0.000 Cache: 982s/149MB
AV: 00:05:13 / 00:23:40 (22%) A-V:  0.000 Cache: 983s/149MB
AV: 00:05:13 / 00:23:40 (22%) A-V:  0.000 Cache: 984s/149MB
AV: 00:05:13 / 00:23:40 (22%) A-V:  0.000 Cache: 985s/149MB
AV: 00:05:18 / 00:23:40 (22%) A-V:  0.000 Cache: 975s/148MB
AV: 00:05:23 / 00:23:40 (23%) A-V:  0.000 Cache: 976s/149MB
AV: 00:05:23 / 00:23:40 (23%) A-V:  0.000 Cache: 977s/149MB
AV: 00:05:23 / 00:23:40 (23%) A-V:  0.000 Cache: 978s/149MB
AV: 00:05:23 / 00:23:40 (23%) A-V:  0.000 Cache: 979s/149MB
AV: 00:05:23 / 00:23:40 (23%) A-V:  0.000 Cache: 981s/149MB
AV: 00:05:28 / 00:23:40 (23%) A-V:  0.000 Cache: 972s/148MB
AV: 00:05:28 / 00:23:40 (23%) A-V:  0.000 Cache: 973s/149MB
AV: 00:05:48 / 00:23:40 (25%) A-V:  0.000 Cache: 953s/147MB
AV: 00:05:53 / 00:23:40 (25%) A-V:  0.000 Cache: 953s/147MB
AV: 00:05:53 / 00:23:40 (25%) A-V:  0.000 Cache: 954s/147MB
AV: 00:05:53 / 00:23:40 (25%) A-V:  0.000 Cache: 956s/147MB
AV: 00:05:53 / 00:23:40 (25%) A-V:  0.000 Cache: 957s/147MB
AV: 00:05:53 / 00:23:40 (25%) A-V:  0.000 Cache: 957s/148MB
AV: 00:05:53 / 00:23:40 (25%) A-V:  0.000 Cache: 958s/148MB
AV: 00:05:53 / 00:23:40 (25%) A-V:  0.000 Cache: 959s/148MB
AV: 00:05:53 / 00:23:40 (25%) A-V:  0.000 Cache: 960s/148MB
AV: 00:05:53 / 00:23:40 (25%) A-V:  0.000 Cache: 961s/149MB
AV: 00:05:58 / 00:23:40 (25%) A-V:  0.000 Cache: 953s/147MB
AV: 00:06:03 / 00:23:40 (26%) A-V: -0.000 Cache: 953s/147MB
AV: 00:06:03 / 00:23:40 (26%) A-V:  0.000 Cache: 953s/147MB
AV: 00:06:03 / 00:23:40 (26%) A-V:  0.000 Cache: 954s/147MB
AV: 00:06:03 / 00:23:40 (26%) A-V:  0.000 Cache: 955s/147MB
AV: 00:06:03 / 00:23:40 (26%) A-V:  0.000 Cache: 955s/148MB
AV: 00:06:03 / 00:23:40 (26%) A-V: -0.000 Cache: 955s/148MB
AV: 00:06:03 / 00:23:40 (26%) A-V:  0.000 Cache: 956s/148MB
AV: 00:06:03 / 00:23:40 (26%) A-V:  0.000 Cache: 958s/148MB
AV: 00:06:03 / 00:23:40 (26%) A-V:  0.000 Cache: 960s/148MB
AV: 00:06:04 / 00:23:40 (26%) A-V:  0.000 Cache: 961s/149MB
AV: 00:06:04 / 00:23:40 (26%) A-V:  0.000 Cache: 963s/150MB
AV: 00:06:04 / 00:23:40 (26%) A-V:  0.000 Cache: 962s/150MB
AV: 00:06:05 / 00:23:40 (26%) A-V:  0.000 Cache: 962s/150MB
AV: 00:06:05 / 00:23:40 (26%) A-V:  0.000 Cache: 961s/150MB
AV: 00:06:06 / 00:23:40 (26%) A-V:  0.000 Cache: 961s/150MB
AV: 00:06:06 / 00:23:40 (26%) A-V:  0.000 Cache: 960s/150MB
AV: 00:06:07 / 00:23:40 (26%) A-V:  0.000 Cache: 960s/150MB
AV: 00:06:08 / 00:23:40 (26%) A-V:  0.000 Cache: 960s/150MB
AV: 00:06:08 / 00:23:40 (26%) A-V:  0.000 Cache: 959s/150MB
AV: 00:06:09 / 00:23:40 (26%) A-V:  0.000 Cache: 959s/150MB
AV: 00:06:09 / 00:23:40 (26%) A-V:  0.000 Cache: 958s/150MB
AV: 00:06:10 / 00:23:40 (26%) A-V:  0.000 Cache: 958s/150MB
AV: 00:06:11 / 00:23:40 (26%) A-V:  0.000 Cache: 958s/150MB
AV: 00:06:11 / 00:23:40 (26%) A-V:  0.000 Cache: 957s/150MB
AV: 00:06:12 / 00:23:40 (26%) A-V:  0.000 Cache: 957s/150MB
AV: 00:06:12 / 00:23:40 (26%) A-V:  0.000 Cache: 956s/150MB
AV: 00:06:12 / 00:23:40 (26%) A-V:  0.000 Cache: 957s/150MB
AV: 00:06:12 / 00:23:40 (26%) A-V:  0.000 Cache: 956s/150MB
AV: 00:06:12 / 00:23:40 (26%) A-V:  0.000 Cache: 957s/150MB
AV: 00:06:13 / 00:23:40 (26%) A-V:  0.000 Cache: 957s/150MB
AV: 00:06:13 / 00:23:40 (26%) A-V:  0.000 Cache: 956s/150MB
AV: 00:06:14 / 00:23:40 (26%) A-V:  0.000 Cache: 956s/150MB
AV: 00:06:14 / 00:23:40 (26%) A-V:  0.000 Cache: 955s/150MB
AV: 00:06:15 / 00:23:40 (26%) A-V:  0.000 Cache: 955s/150MB
AV: 00:06:15 / 00:23:40 (26%) A-V:  0.000 Cache: 956s/150MB
AV: 00:06:15 / 00:23:40 (26%) A-V:  0.000 Cache: 955s/150MB
AV: 00:06:16 / 00:23:40 (26%) A-V:  0.000 Cache: 955s/150MB
AV: 00:06:16 / 00:23:40 (26%) A-V:  0.000 Cache: 956s/150MB
AV: 00:06:16 / 00:23:40 (27%) A-V:  0.000 Cache: 956s/150MB
AV: 00:06:16 / 00:23:40 (27%) A-V:  0.000 Cache: 955s/150MB
AV: 00:06:17 / 00:23:40 (27%) A-V:  0.000 Cache: 955s/150MB
AV: 00:06:18 / 00:23:40 (27%) A-V:  0.000 Cache: 955s/150MB
AV: 00:06:18 / 00:23:40 (27%) A-V:  0.000 Cache: 954s/150MB
AV: 00:06:19 / 00:23:40 (27%) A-V:  0.000 Cache: 954s/150MB
AV: 00:06:20 / 00:23:40 (27%) A-V:  0.000 Cache: 954s/150MB
AV: 00:06:20 / 00:23:40 (27%) A-V:  0.000 Cache: 953s/150MB
AV: 00:06:21 / 00:23:40 (27%) A-V:  0.000 Cache: 953s/150MB
AV: 00:06:21 / 00:23:40 (27%) A-V:  0.000 Cache: 952s/150MB
AV: 00:06:22 / 00:23:40 (27%) A-V:  0.000 Cache: 952s/150MB
AV: 00:06:22 / 00:23:40 (27%) A-V:  0.000 Cache: 953s/150MB
AV: 00:06:23 / 00:23:40 (27%) A-V:  0.000 Cache: 954s/150MB
AV: 00:06:23 / 00:23:40 (27%) A-V:  0.000 Cache: 953s/150MB
AV: 00:06:24 / 00:23:40 (27%) A-V:  0.000 Cache: 953s/150MB
AV: 00:06:24 / 00:23:40 (27%) A-V:  0.000 Cache: 952s/150MB
AV: 00:06:25 / 00:23:40 (27%) A-V:  0.000 Cache: 952s/150MB
AV: 00:06:26 / 00:23:40 (27%) A-V:  0.000 Cache: 952s/150MB
AV: 00:06:26 / 00:23:40 (27%) A-V:  0.000 Cache: 951s/150MB
AV: 00:06:27 / 00:23:40 (27%) A-V:  0.000 Cache: 951s/150MB
AV: 00:06:28 / 00:23:40 (27%) A-V:  0.000 Cache: 951s/150MB
AV: 00:06:28 / 00:23:40 (27%) A-V:  0.000 Cache: 950s/150MB
AV: 00:06:29 / 00:23:40 (27%) A-V:  0.000 Cache: 950s/150MB
AV: 00:06:34 / 00:23:40 (28%) A-V:  0.000 Cache: 941s/150MB
AV: 00:06:43 / 00:23:40 (28%) A-V:  0.000 Cache: 941s/150MB
AV: 00:06:48 / 00:23:40 (29%) A-V:  0.000 Cache: 938s/150MB
AV: 00:06:53 / 00:23:40 (29%) A-V:  0.000 Cache: 938s/149MB
AV: 00:06:53 / 00:23:40 (29%) A-V:  0.000 Cache: 938s/150MB
AV: 00:06:53 / 00:23:40 (29%) A-V:  0.000 Cache: 937s/150MB
AV: 00:06:53 / 00:23:40 (29%) A-V:  0.000 Cache: 938s/150MB
AV: 00:06:53 / 00:23:40 (29%) A-V:  0.000 Cache: 937s/150MB
AV: 00:06:58 / 00:23:40 (29%) A-V:  0.000 Cache: 933s/150MB
AV: 00:07:03 / 00:23:40 (30%) A-V:  0.000 Cache: 933s/150MB
AV: 00:07:03 / 00:23:40 (30%) A-V: -0.000 Cache: 933s/150MB
AV: 00:07:03 / 00:23:40 (30%) A-V:  0.000 Cache: 933s/150MB
AV: 00:07:03 / 00:23:40 (30%) A-V:  0.000 Cache: 932s/150MB
AV: 00:07:08 / 00:23:40 (30%) A-V:  0.000 Cache: 931s/150MB
AV: 00:07:13 / 00:23:40 (31%) A-V:  0.000 Cache: 931s/149MB
AV: 00:07:13 / 00:23:40 (31%) A-V:  0.000 Cache: 931s/150MB
AV: 00:07:18 / 00:23:40 (31%) A-V:  0.000 Cache: 927s/150MB
AV: 00:07:33 / 00:23:40 (32%) A-V:  0.000 Cache: 922s/150MB
AV: 00:07:38 / 00:23:40 (32%) A-V:  0.000 Cache: 914s/149MB
AV: 00:07:43 / 00:23:40 (33%) A-V:  0.000 Cache: 914s/149MB
AV: 00:07:43 / 00:23:40 (33%) A-V:  0.000 Cache: 915s/149MB
AV: 00:07:44 / 00:23:40 (33%) A-V:  0.000 Cache: 916s/149MB
AV: 00:07:44 / 00:23:40 (33%) A-V:  0.000 Cache: 916s/150MB
AV: 00:07:44 / 00:23:40 (33%) A-V:  0.000 Cache: 915s/150MB
AV: 00:07:49 / 00:23:40 (33%) A-V:  0.000 Cache: 908s/149MB
AV: 00:07:53 / 00:23:40 (33%) A-V:  0.000 Cache: 908s/149MB
AV: 00:07:53 / 00:23:40 (33%) A-V:  0.000 Cache: 911s/149MB
AV: 00:07:53 / 00:23:40 (33%) A-V:  0.000 Cache: 911s/150MB
AV: 00:07:53 / 00:23:40 (33%) A-V:  0.000 Cache: 910s/150MB
AV: 00:07:54 / 00:23:40 (33%) A-V:  0.000 Cache: 910s/150MB
AV: 00:07:59 / 00:23:40 (34%) A-V:  0.000 Cache: 903s/149MB
AV: 00:08:03 / 00:23:40 (34%) A-V:  0.000 Cache: 902s/149MB
AV: 00:08:03 / 00:23:40 (34%) A-V:  0.000 Cache: 903s/149MB
AV: 00:08:03 / 00:23:40 (34%) A-V:  0.000 Cache: 905s/150MB
AV: 00:08:04 / 00:23:40 (34%) A-V:  0.000 Cache: 905s/150MB
AV: 00:08:04 / 00:23:40 (34%) A-V:  0.000 Cache: 904s/150MB
AV: 00:08:05 / 00:23:40 (34%) A-V:  0.000 Cache: 904s/150MB
AV: 00:08:06 / 00:23:40 (34%) A-V:  0.000 Cache: 903s/150MB
AV: 00:08:07 / 00:23:40 (34%) A-V:  0.000 Cache: 903s/150MB
AV: 00:08:07 / 00:23:40 (34%) A-V:  0.000 Cache: 902s/150MB
AV: 00:08:08 / 00:23:40 (34%) A-V:  0.000 Cache: 902s/150MB
AV: 00:08:13 / 00:23:40 (35%) A-V:  0.000 Cache: 899s/150MB
AV: 00:08:14 / 00:23:40 (35%) A-V:  0.000 Cache: 899s/150MB
AV: 00:08:14 / 00:23:40 (35%) A-V:  0.000 Cache: 898s/150MB
AV: 00:08:19 / 00:23:40 (35%) A-V:  0.000 Cache: 898s/150MB
AV: 00:08:23 / 00:23:40 (35%) A-V:  0.000 Cache: 898s/150MB
AV: 00:08:23 / 00:23:40 (35%) A-V: -0.000 Cache: 898s/150MB
AV: 00:08:23 / 00:23:40 (35%) A-V:  0.000 Cache: 898s/150MB
AV: 00:08:23 / 00:23:40 (35%) A-V:  0.000 Cache: 899s/150MB
AV: 00:08:28 / 00:23:40 (36%) A-V:  0.000 Cache: 895s/150MB
AV: 00:08:33 / 00:23:40 (36%) A-V:  0.000 Cache: 895s/149MB
AV: 00:08:33 / 00:23:40 (36%) A-V:  0.000 Cache: 895s/150MB
AV: 00:08:34 / 00:23:40 (36%) A-V:  0.000 Cache: 895s/150MB
AV: 00:08:39 / 00:23:40 (37%) A-V:  0.000 Cache: 896s/149MB
AV: 00:08:43 / 00:23:40 (37%) A-V:  0.000 Cache: 896s/149MB
AV: 00:08:43 / 00:23:40 (37%) A-V:  0.000 Cache: 895s/149MB
AV: 00:08:44 / 00:23:40 (37%) A-V:  0.000 Cache: 895s/149MB
AV: 00:08:49 / 00:23:40 (37%) A-V:  0.000 Cache: 886s/147MB
AV: 00:08:53 / 00:23:40 (38%) A-V:  0.000 Cache: 886s/147MB
AV: 00:08:53 / 00:23:40 (38%) A-V:  0.000 Cache: 885s/147MB
AV: 00:08:58 / 00:23:40 (38%) A-V:  0.000 Cache: 876s/146MB
AV: 00:09:03 / 00:23:40 (38%) A-V:  0.000 Cache: 876s/146MB
AV: 00:09:03 / 00:23:40 (38%) A-V:  0.000 Cache: 875s/146MB
AV: 00:09:08 / 00:23:40 (39%) A-V:  0.000 Cache: 866s/145MB
AV: 00:09:13 / 00:23:40 (39%) A-V:  0.000 Cache: 866s/145MB
AV: 00:09:13 / 00:23:40 (39%) A-V:  0.000 Cache: 865s/145MB
AV: 00:09:18 / 00:23:40 (39%) A-V:  0.000 Cache: 856s/143MB
AV: 00:09:23 / 00:23:40 (40%) A-V:  0.000 Cache: 856s/143MB
AV: 00:09:23 / 00:23:40 (40%) A-V:  0.000 Cache: 855s/143MB
AV: 00:09:24 / 00:23:40 (40%) A-V:  0.000 Cache: 855s/143MB
AV: 00:09:29 / 00:23:40 (40%) A-V:  0.000 Cache: 846s/142MB
AV: 00:09:33 / 00:23:40 (40%) A-V: -0.000 Cache: 846s/142MB
AV: 00:09:33 / 00:23:40 (40%) A-V:  0.000 Cache: 846s/142MB
AV: 00:09:33 / 00:23:40 (40%) A-V:  0.000 Cache: 845s/142MB
AV: 00:09:33 / 00:23:40 (40%) A-V: -0.000 Cache: 845s/142MB
AV: 00:09:33 / 00:23:40 (40%) A-V:  0.000 Cache: 845s/142MB
AV: 00:09:33 / 00:23:40 (40%) A-V: -0.000 Cache: 845s/142MB
AV: 00:09:33 / 00:23:40 (40%) A-V:  0.000 Cache: 845s/142MB
AV: 00:09:34 / 00:23:40 (40%) A-V:  0.000 Cache: 845s/142MB
AV: 00:09:39 / 00:23:40 (41%) A-V:  0.000 Cache: 836s/140MB
AV: 00:09:43 / 00:23:40 (41%) A-V:  0.000 Cache: 836s/140MB
AV: 00:09:43 / 00:23:40 (41%) A-V:  0.000 Cache: 835s/140MB
AV: 00:09:48 / 00:23:40 (41%) A-V:  0.000 Cache: 826s/140MB
AV: 00:09:53 / 00:23:40 (42%) A-V:  0.000 Cache: 826s/140MB
AV: 00:09:53 / 00:23:40 (42%) A-V:  0.000 Cache: 825s/140MB
AV: 00:09:53 / 00:23:40 (42%) A-V:  0.000 Cache: 825s/139MB
AV: 00:09:54 / 00:23:40 (42%) A-V:  0.000 Cache: 825s/139MB
AV: 00:09:59 / 00:23:40 (42%) A-V:  0.000 Cache: 816s/138MB
AV: 00:10:03 / 00:23:40 (43%) A-V:  0.000 Cache: 816s/138MB
AV: 00:10:03 / 00:23:40 (43%) A-V:  0.000 Cache: 815s/138MB
AV: 00:10:04 / 00:23:40 (43%) A-V:  0.000 Cache: 815s/138MB
AV: 00:10:09 / 00:23:40 (43%) A-V:  0.000 Cache: 806s/137MB
AV: 00:10:13 / 00:23:40 (43%) A-V:  0.000 Cache: 806s/137MB
AV: 00:10:13 / 00:23:40 (43%) A-V:  0.000 Cache: 805s/137MB
AV: 00:10:14 / 00:23:40 (43%) A-V:  0.000 Cache: 805s/137MB
AV: 00:10:14 / 00:23:40 (43%) A-V:  0.000 Cache: 804s/137MB
AV: 00:10:14 / 00:23:40 (43%) A-V:  0.000 Cache: 804s/136MB
AV: 00:10:15 / 00:23:40 (43%) A-V:  0.000 Cache: 804s/136MB
AV: 00:10:15 / 00:23:40 (43%) A-V:  0.000 Cache: 803s/136MB
AV: 00:10:16 / 00:23:40 (43%) A-V:  0.000 Cache: 803s/136MB
AV: 00:10:16 / 00:23:40 (43%) A-V:  0.000 Cache: 802s/136MB
AV: 00:10:17 / 00:23:40 (43%) A-V:  0.000 Cache: 802s/136MB
AV: 00:10:17 / 00:23:40 (43%) A-V:  0.000 Cache: 801s/136MB
AV: 00:10:17 / 00:23:40 (44%) A-V:  0.000 Cache: 801s/136MB
AV: 00:10:18 / 00:23:40 (44%) A-V:  0.000 Cache: 801s/136MB
AV: 00:10:18 / 00:23:40 (44%) A-V:  0.000 Cache: 800s/136MB
AV: 00:10:19 / 00:23:40 (44%) A-V:  0.000 Cache: 800s/136MB
AV: 00:10:19 / 00:23:40 (44%) A-V:  0.000 Cache: 799s/136MB
AV: 00:10:20 / 00:23:40 (44%) A-V:  0.000 Cache: 799s/136MB
AV: 00:10:20 / 00:23:40 (44%) A-V:  0.000 Cache: 798s/136MB
AV: 00:10:21 / 00:23:40 (44%) A-V:  0.000 Cache: 798s/136MB
AV: 00:10:21 / 00:23:40 (44%) A-V:  0.000 Cache: 797s/136MB
AV: 00:10:22 / 00:23:40 (44%) A-V:  0.000 Cache: 797s/136MB
AV: 00:10:22 / 00:23:40 (44%) A-V:  0.000 Cache: 796s/136MB
AV: 00:10:23 / 00:23:40 (44%) A-V:  0.000 Cache: 796s/136MB
AV: 00:10:23 / 00:23:40 (44%) A-V:  0.000 Cache: 796s/135MB
AV: 00:10:23 / 00:23:40 (44%) A-V:  0.000 Cache: 795s/135MB
AV: 00:10:24 / 00:23:40 (44%) A-V:  0.000 Cache: 795s/135MB
AV: 00:10:29 / 00:23:40 (44%) A-V:  0.000 Cache: 786s/134MB
AV: 00:10:33 / 00:23:40 (45%) A-V:  0.000 Cache: 785s/134MB
AV: 00:10:33 / 00:23:40 (45%) A-V: -0.000 Cache: 785s/134MB
AV: 00:10:33 / 00:23:40 (45%) A-V:  0.000 Cache: 785s/134MB
AV: 00:10:39 / 00:23:40 (45%) A-V:  0.000 Cache: 776s/132MB
AV: 00:10:43 / 00:23:40 (45%) A-V:  0.000 Cache: 775s/132MB
AV: 00:10:48 / 00:23:40 (46%) A-V:  0.000 Cache: 766s/131MB
AV: 00:10:53 / 00:23:40 (46%) A-V:  0.000 Cache: 765s/131MB
AV: 00:10:53 / 00:23:40 (46%) A-V:  0.000 Cache: 765s/130MB
AV: 00:10:58 / 00:23:40 (46%) A-V:  0.000 Cache: 756s/128MB
AV: 00:11:03 / 00:23:40 (47%) A-V:  0.000 Cache: 755s/128MB
AV: 00:11:08 / 00:23:40 (47%) A-V:  0.000 Cache: 745s/125MB
AV: 00:11:13 / 00:23:40 (47%) A-V:  0.000 Cache: 745s/125MB
AV: 00:11:14 / 00:23:40 (47%) A-V:  0.000 Cache: 745s/125MB
AV: 00:11:19 / 00:23:40 (48%) A-V:  0.000 Cache: 735s/124MB
AV: 00:11:23 / 00:23:40 (48%) A-V: -0.000 Cache: 735s/124MB
AV: 00:11:23 / 00:23:40 (48%) A-V:  0.000 Cache: 735s/124MB
AV: 00:11:24 / 00:23:40 (48%) A-V:  0.000 Cache: 735s/124MB
AV: 00:11:24 / 00:23:40 (48%) A-V: -0.000 Cache: 735s/124MB
AV: 00:11:24 / 00:23:40 (48%) A-V:  0.000 Cache: 735s/124MB
AV: 00:11:29 / 00:23:40 (49%) A-V:  0.000 Cache: 725s/123MB
AV: 00:11:33 / 00:23:40 (49%) A-V:  0.000 Cache: 725s/122MB
AV: 00:11:34 / 00:23:40 (49%) A-V:  0.000 Cache: 725s/122MB
AV: 00:11:34 / 00:23:40 (49%) A-V:  0.000 Cache: 724s/122MB
AV: 00:11:39 / 00:23:40 (49%) A-V:  0.000 Cache: 715s/121MB
AV: 00:11:43 / 00:23:40 (50%) A-V:  0.000 Cache: 715s/121MB
AV: 00:11:43 / 00:23:40 (50%) A-V: -0.000 Cache: 715s/121MB
AV: 00:11:43 / 00:23:40 (50%) A-V:  0.000 Cache: 715s/121MB
AV: 00:11:44 / 00:23:40 (50%) A-V:  0.000 Cache: 715s/121MB
AV: 00:11:49 / 00:23:40 (50%) A-V:  0.000 Cache: 705s/120MB
AV: 00:11:53 / 00:23:40 (50%) A-V:  0.000 Cache: 705s/120MB
AV: 00:11:53 / 00:23:40 (50%) A-V: -0.000 Cache: 705s/120MB
AV: 00:11:53 / 00:23:40 (50%) A-V:  0.000 Cache: 705s/120MB
AV: 00:11:54 / 00:23:40 (50%) A-V:  0.000 Cache: 705s/120MB
AV: 00:11:59 / 00:23:40 (51%) A-V:  0.000 Cache: 695s/118MB
AV: 00:12:03 / 00:23:40 (51%) A-V:  0.000 Cache: 695s/118MB
AV: 00:12:04 / 00:23:40 (51%) A-V:  0.000 Cache: 695s/118MB
AV: 00:12:09 / 00:23:40 (51%) A-V:  0.000 Cache: 685s/117MB
AV: 00:12:13 / 00:23:40 (52%) A-V:  0.000 Cache: 685s/117MB
AV: 00:12:14 / 00:23:40 (52%) A-V:  0.000 Cache: 685s/117MB
AV: 00:12:19 / 00:23:40 (52%) A-V:  0.000 Cache: 675s/115MB
AV: 00:12:23 / 00:23:40 (52%) A-V:  0.000 Cache: 675s/115MB
AV: 00:12:23 / 00:23:40 (52%) A-V: -0.000 Cache: 675s/115MB
AV: 00:12:23 / 00:23:40 (52%) A-V:  0.000 Cache: 675s/115MB
AV: 00:12:24 / 00:23:40 (52%) A-V:  0.000 Cache: 675s/115MB
AV: 00:12:24 / 00:23:40 (52%) A-V:  0.000 Cache: 674s/115MB
AV: 00:12:25 / 00:23:40 (52%) A-V:  0.000 Cache: 674s/115MB
AV: 00:12:25 / 00:23:40 (53%) A-V:  0.000 Cache: 674s/115MB
AV: 00:12:25 / 00:23:40 (53%) A-V:  0.000 Cache: 673s/115MB
AV: 00:12:26 / 00:23:40 (53%) A-V:  0.000 Cache: 673s/115MB
AV: 00:12:26 / 00:23:40 (53%) A-V:  0.000 Cache: 672s/115MB
AV: 00:12:21 / 00:23:40 (52%) A-V:  0.000 Cache: 685s/117MB
AV: 00:12:13 / 00:23:40 (52%) A-V:  0.000 Cache: 685s/117MB
AV: 00:12:14 / 00:23:40 (52%) A-V:  0.000 Cache: 685s/117MB
AV: 00:12:09 / 00:23:40 (51%) A-V:  0.000 Cache: 695s/118MB
AV: 00:12:03 / 00:23:40 (51%) A-V:  0.000 Cache: 695s/118MB
AV: 00:12:04 / 00:23:40 (51%) A-V:  0.000 Cache: 695s/118MB
AV: 00:12:09 / 00:23:40 (51%) A-V:  0.000 Cache: 685s/117MB
AV: 00:12:13 / 00:23:40 (52%) A-V:  0.000 Cache: 685s/117MB
AV: 00:12:14 / 00:23:40 (52%) A-V:  0.000 Cache: 685s/117MB
AV: 00:12:19 / 00:23:40 (52%) A-V:  0.000 Cache: 675s/115MB
AV: 00:12:23 / 00:23:40 (52%) A-V:  0.000 Cache: 675s/115MB
AV: 00:12:29 / 00:23:40 (53%) A-V:  0.000 Cache: 665s/114MB
AV: 00:12:33 / 00:23:40 (53%) A-V:  0.000 Cache: 665s/114MB
AV: 00:12:34 / 00:23:40 (53%) A-V:  0.000 Cache: 665s/114MB
AV: 00:12:39 / 00:23:40 (53%) A-V:  0.000 Cache: 655s/113MB
AV: 00:12:43 / 00:23:40 (54%) A-V:  0.000 Cache: 655s/113MB
AV: 00:12:44 / 00:23:40 (54%) A-V:  0.000 Cache: 655s/113MB
AV: 00:12:49 / 00:23:40 (54%) A-V:  0.000 Cache: 645s/111MB
AV: 00:12:53 / 00:23:40 (54%) A-V:  0.000 Cache: 645s/111MB
AV: 00:12:54 / 00:23:40 (55%) A-V:  0.000 Cache: 645s/111MB
AV: 00:12:59 / 00:23:40 (55%) A-V:  0.000 Cache: 635s/110MB
AV: 00:13:03 / 00:23:40 (55%) A-V:  0.000 Cache: 635s/110MB
AV: 00:13:04 / 00:23:40 (55%) A-V:  0.000 Cache: 635s/110MB
AV: 00:12:59 / 00:23:40 (55%) A-V:  0.000 Cache: 645s/111MB
AV: 00:12:53 / 00:23:40 (54%) A-V:  0.000 Cache: 645s/111MB
AV: 00:12:54 / 00:23:40 (55%) A-V:  0.000 Cache: 645s/111MB
AV: 00:12:54 / 00:23:40 (55%) A-V:  0.000 Cache: 644s/111MB
AV: 00:12:55 / 00:23:40 (55%) A-V:  0.000 Cache: 644s/111MB
AV: 00:12:55 / 00:23:40 (55%) A-V:  0.000 Cache: 643s/111MB
AV: 00:12:56 / 00:23:40 (55%) A-V:  0.000 Cache: 643s/111MB
AV: 00:12:56 / 00:23:40 (55%) A-V:  0.000 Cache: 642s/111MB
AV: 00:12:57 / 00:23:40 (55%) A-V:  0.000 Cache: 642s/111MB
AV: 00:13:02 / 00:23:40 (55%) A-V:  0.000 Cache: 635s/110MB
AV: 00:13:03 / 00:23:40 (55%) A-V: -0.000 Cache: 635s/110MB
AV: 00:13:03 / 00:23:40 (55%) A-V:  0.000 Cache: 635s/110MB
AV: 00:13:03 / 00:23:40 (55%) A-V: -0.000 Cache: 635s/110MB
AV: 00:13:03 / 00:23:40 (55%) A-V:  0.000 Cache: 635s/110MB
AV: 00:13:03 / 00:23:40 (55%) A-V: -0.000 Cache: 635s/110MB
AV: 00:13:04 / 00:23:40 (55%) A-V:  0.000 Cache: 635s/110MB
AV: 00:13:09 / 00:23:40 (56%) A-V:  0.000 Cache: 625s/109MB
AV: 00:13:13 / 00:23:40 (56%) A-V:  0.000 Cache: 625s/109MB
AV: 00:13:14 / 00:23:40 (56%) A-V:  0.000 Cache: 625s/109MB
AV: 00:13:19 / 00:23:40 (56%) A-V:  0.000 Cache: 615s/107MB
AV: 00:13:23 / 00:23:40 (57%) A-V:  0.000 Cache: 615s/107MB
AV: 00:13:24 / 00:23:40 (57%) A-V:  0.000 Cache: 615s/107MB
AV: 00:13:29 / 00:23:40 (57%) A-V:  0.000 Cache: 605s/106MB
AV: 00:13:33 / 00:23:40 (57%) A-V:  0.000 Cache: 605s/106MB
AV: 00:13:34 / 00:23:40 (57%) A-V:  0.000 Cache: 605s/106MB
AV: 00:13:39 / 00:23:40 (58%) A-V:  0.000 Cache: 595s/105MB
AV: 00:13:43 / 00:23:40 (58%) A-V:  0.000 Cache: 595s/105MB
AV: 00:13:44 / 00:23:40 (58%) A-V:  0.000 Cache: 595s/105MB
AV: 00:13:49 / 00:23:40 (58%) A-V:  0.000 Cache: 585s/103MB
AV: 00:13:53 / 00:23:40 (59%) A-V:  0.000 Cache: 585s/103MB
AV: 00:13:54 / 00:23:40 (59%) A-V:  0.000 Cache: 585s/103MB
AV: 00:13:59 / 00:23:40 (59%) A-V:  0.000 Cache: 575s/102MB
AV: 00:14:03 / 00:23:40 (59%) A-V:  0.000 Cache: 575s/102MB
AV: 00:14:04 / 00:23:40 (59%) A-V:  0.000 Cache: 575s/102MB
AV: 00:14:09 / 00:23:40 (60%) A-V:  0.000 Cache: 565s/101MB
AV: 00:14:13 / 00:23:40 (60%) A-V:  0.000 Cache: 565s/101MB
AV: 00:14:14 / 00:23:40 (60%) A-V:  0.000 Cache: 565s/101MB
AV: 00:14:19 / 00:23:40 (61%) A-V:  0.000 Cache: 555s/99MB
AV: 00:14:23 / 00:23:40 (61%) A-V:  0.000 Cache: 555s/99MB
AV: 00:14:24 / 00:23:40 (61%) A-V:  0.000 Cache: 555s/99MB
AV: 00:14:29 / 00:23:40 (61%) A-V:  0.000 Cache: 545s/96MB
AV: 00:14:33 / 00:23:40 (62%) A-V:  0.000 Cache: 545s/96MB
AV: 00:14:34 / 00:23:40 (62%) A-V:  0.000 Cache: 545s/96MB
AV: 00:14:39 / 00:23:40 (62%) A-V:  0.000 Cache: 535s/93MB
AV: 00:14:43 / 00:23:40 (62%) A-V:  0.000 Cache: 535s/93MB
AV: 00:14:44 / 00:23:40 (62%) A-V:  0.000 Cache: 535s/93MB
AV: 00:14:49 / 00:23:40 (63%) A-V:  0.000 Cache: 525s/90MB
AV: 00:14:53 / 00:23:40 (63%) A-V:  0.000 Cache: 525s/90MB
AV: 00:14:53 / 00:23:40 (63%) A-V: -0.000 Cache: 525s/90MB
AV: 00:14:53 / 00:23:40 (63%) A-V:  0.000 Cache: 525s/90MB
AV: 00:14:54 / 00:23:40 (63%) A-V:  0.000 Cache: 525s/90MB
AV: 00:14:54 / 00:23:40 (63%) A-V: -0.000 Cache: 525s/90MB
AV: 00:14:54 / 00:23:40 (63%) A-V:  0.000 Cache: 525s/90MB
AV: 00:14:59 / 00:23:40 (63%) A-V:  0.000 Cache: 515s/87MB
AV: 00:15:03 / 00:23:40 (64%) A-V:  0.000 Cache: 515s/87MB
AV: 00:15:04 / 00:23:40 (64%) A-V:  0.000 Cache: 515s/87MB
AV: 00:15:09 / 00:23:40 (64%) A-V:  0.000 Cache: 505s/85MB
AV: 00:15:13 / 00:23:40 (64%) A-V: -0.000 Cache: 505s/85MB
AV: 00:15:13 / 00:23:40 (64%) A-V:  0.000 Cache: 505s/85MB
AV: 00:15:13 / 00:23:40 (64%) A-V: -0.000 Cache: 505s/85MB
AV: 00:15:14 / 00:23:40 (64%) A-V:  0.000 Cache: 505s/85MB
AV: 00:15:19 / 00:23:40 (65%) A-V:  0.000 Cache: 495s/84MB
AV: 00:15:23 / 00:23:40 (65%) A-V:  0.000 Cache: 495s/84MB
AV: 00:15:23 / 00:23:40 (65%) A-V: -0.000 Cache: 495s/84MB
AV: 00:15:24 / 00:23:40 (65%) A-V: -0.000 Cache: 495s/84MB
AV: 00:15:24 / 00:23:40 (65%) A-V:  0.000 Cache: 495s/84MB
AV: 00:15:29 / 00:23:40 (65%) A-V:  0.000 Cache: 485s/81MB
AV: 00:15:33 / 00:23:40 (66%) A-V:  0.000 Cache: 485s/81MB
AV: 00:15:34 / 00:23:40 (66%) A-V:  0.000 Cache: 485s/81MB
AV: 00:15:39 / 00:23:40 (66%) A-V:  0.000 Cache: 475s/80MB
AV: 00:15:43 / 00:23:40 (66%) A-V:  0.000 Cache: 475s/80MB
AV: 00:15:44 / 00:23:40 (66%) A-V:  0.000 Cache: 475s/80MB
AV: 00:15:44 / 00:23:40 (67%) A-V:  0.000 Cache: 475s/80MB
AV: 00:15:44 / 00:23:40 (67%) A-V:  0.000 Cache: 474s/80MB
AV: 00:15:45 / 00:23:40 (67%) A-V:  0.000 Cache: 474s/80MB
AV: 00:15:50 / 00:23:40 (67%) A-V:  0.000 Cache: 465s/79MB
AV: 00:15:53 / 00:23:40 (67%) A-V: -0.000 Cache: 465s/79MB
AV: 00:15:53 / 00:23:40 (67%) A-V:  0.000 Cache: 465s/79MB
AV: 00:15:54 / 00:23:40 (67%) A-V:  0.000 Cache: 465s/79MB
AV: 00:15:54 / 00:23:40 (67%) A-V:  0.000 Cache: 464s/79MB
AV: 00:15:55 / 00:23:40 (67%) A-V:  0.000 Cache: 464s/79MB
AV: 00:15:55 / 00:23:40 (67%) A-V:  0.000 Cache: 463s/79MB
AV: 00:15:56 / 00:23:40 (67%) A-V:  0.000 Cache: 463s/78MB
AV: 00:15:56 / 00:23:40 (67%) A-V:  0.000 Cache: 462s/78MB
AV: 00:15:57 / 00:23:40 (67%) A-V:  0.000 Cache: 462s/78MB
AV: 00:15:57 / 00:23:40 (67%) A-V:  0.000 Cache: 461s/78MB
AV: 00:15:58 / 00:23:40 (67%) A-V:  0.000 Cache: 461s/78MB
AV: 00:15:58 / 00:23:40 (68%) A-V:  0.000 Cache: 460s/78MB
AV: 00:15:59 / 00:23:40 (68%) A-V:  0.000 Cache: 460s/78MB
AV: 00:15:59 / 00:23:40 (68%) A-V:  0.000 Cache: 459s/78MB
AV: 00:16:00 / 00:23:40 (68%) A-V:  0.000 Cache: 459s/78MB
AV: 00:16:00 / 00:23:40 (68%) A-V:  0.000 Cache: 458s/78MB
AV: 00:16:01 / 00:23:40 (68%) A-V:  0.000 Cache: 458s/78MB
AV: 00:16:01 / 00:23:40 (68%) A-V:  0.000 Cache: 457s/78MB
AV: 00:16:02 / 00:23:40 (68%) A-V:  0.000 Cache: 457s/78MB
AV: 00:16:02 / 00:23:40 (68%) A-V:  0.000 Cache: 456s/78MB
AV: 00:16:03 / 00:23:40 (68%) A-V:  0.000 Cache: 456s/78MB
AV: 00:16:03 / 00:23:40 (68%) A-V:  0.000 Cache: 456s/77MB
AV: 00:16:03 / 00:23:40 (68%) A-V:  0.000 Cache: 455s/77MB
AV: 00:16:04 / 00:23:40 (68%) A-V:  0.000 Cache: 455s/77MB
AV: 00:16:04 / 00:23:40 (68%) A-V:  0.000 Cache: 454s/77MB
AV: 00:16:05 / 00:23:40 (68%) A-V:  0.000 Cache: 454s/77MB
AV: 00:16:05 / 00:23:40 (68%) A-V:  0.000 Cache: 453s/77MB
AV: 00:16:06 / 00:23:40 (68%) A-V:  0.000 Cache: 453s/77MB
AV: 00:16:06 / 00:23:40 (68%) A-V:  0.000 Cache: 452s/77MB
AV: 00:16:07 / 00:23:40 (68%) A-V:  0.000 Cache: 452s/77MB
AV: 00:16:07 / 00:23:40 (68%) A-V:  0.000 Cache: 451s/77MB
AV: 00:16:08 / 00:23:40 (68%) A-V:  0.000 Cache: 451s/77MB
AV: 00:16:08 / 00:23:40 (68%) A-V:  0.000 Cache: 450s/77MB
AV: 00:16:09 / 00:23:40 (68%) A-V:  0.000 Cache: 450s/77MB
AV: 00:16:09 / 00:23:40 (68%) A-V:  0.000 Cache: 449s/77MB
AV: 00:16:10 / 00:23:40 (68%) A-V:  0.000 Cache: 449s/77MB
AV: 00:16:10 / 00:23:40 (68%) A-V:  0.000 Cache: 448s/77MB
AV: 00:16:11 / 00:23:40 (68%) A-V:  0.000 Cache: 448s/77MB
AV: 00:16:11 / 00:23:40 (68%) A-V:  0.000 Cache: 447s/77MB
AV: 00:16:12 / 00:23:40 (68%) A-V:  0.000 Cache: 447s/77MB
AV: 00:16:12 / 00:23:40 (68%) A-V:  0.000 Cache: 446s/77MB
AV: 00:16:17 / 00:23:40 (69%) A-V:  0.000 Cache: 435s/76MB
AV: 00:16:23 / 00:23:40 (69%) A-V:  0.000 Cache: 435s/76MB
AV: 00:16:24 / 00:23:40 (69%) A-V:  0.000 Cache: 435s/76MB
AV: 00:16:29 / 00:23:40 (70%) A-V:  0.000 Cache: 425s/74MB
AV: 00:16:33 / 00:23:40 (70%) A-V:  0.000 Cache: 425s/74MB
AV: 00:16:34 / 00:23:40 (70%) A-V: -0.000 Cache: 425s/74MB
AV: 00:16:34 / 00:23:40 (70%) A-V:  0.000 Cache: 425s/74MB
AV: 00:16:34 / 00:23:40 (70%) A-V: -0.000 Cache: 425s/74MB
AV: 00:16:34 / 00:23:40 (70%) A-V:  0.000 Cache: 425s/74MB
AV: 00:16:39 / 00:23:40 (70%) A-V:  0.000 Cache: 415s/73MB
AV: 00:16:44 / 00:23:40 (71%) A-V:  0.000 Cache: 415s/73MB
AV: 00:16:44 / 00:23:40 (71%) A-V:  0.000 Cache: 414s/73MB
AV: 00:16:49 / 00:23:40 (71%) A-V:  0.000 Cache: 405s/72MB
AV: 00:16:54 / 00:23:40 (71%) A-V:  0.000 Cache: 405s/72MB
AV: 00:16:59 / 00:23:40 (72%) A-V:  0.000 Cache: 395s/70MB
AV: 00:17:04 / 00:23:40 (72%) A-V:  0.000 Cache: 395s/70MB
AV: 00:17:04 / 00:23:40 (72%) A-V:  0.000 Cache: 394s/70MB
AV: 00:17:05 / 00:23:40 (72%) A-V:  0.000 Cache: 394s/70MB
AV: 00:17:05 / 00:23:40 (72%) A-V:  0.000 Cache: 393s/70MB
AV: 00:17:10 / 00:23:40 (73%) A-V:  0.000 Cache: 385s/68MB
AV: 00:17:14 / 00:23:40 (73%) A-V:  0.000 Cache: 385s/68MB
AV: 00:17:14 / 00:23:40 (73%) A-V:  0.000 Cache: 385s/67MB
AV: 00:17:19 / 00:23:40 (73%) A-V:  0.000 Cache: 375s/66MB
AV: 00:17:24 / 00:23:40 (74%) A-V:  0.000 Cache: 375s/66MB
AV: 00:17:29 / 00:23:40 (74%) A-V:  0.000 Cache: 365s/65MB
AV: 00:17:34 / 00:23:40 (74%) A-V:  0.000 Cache: 365s/65MB
AV: 00:17:39 / 00:23:40 (75%) A-V:  0.000 Cache: 355s/64MB
AV: 00:17:44 / 00:23:40 (75%) A-V:  0.000 Cache: 355s/64MB
AV: 00:17:49 / 00:23:40 (75%) A-V:  0.000 Cache: 345s/62MB
AV: 00:17:54 / 00:23:40 (76%) A-V:  0.000 Cache: 345s/62MB
AV: 00:17:59 / 00:23:40 (76%) A-V:  0.000 Cache: 335s/61MB
AV: 00:18:04 / 00:23:40 (76%) A-V:  0.000 Cache: 335s/61MB
AV: 00:18:04 / 00:23:40 (76%) A-V:  0.000 Cache: 334s/61MB
AV: 00:18:05 / 00:23:40 (76%) A-V:  0.000 Cache: 334s/61MB
AV: 00:18:00 / 00:23:40 (76%) A-V:  0.000 Cache: 345s/62MB
AV: 00:17:54 / 00:23:40 (76%) A-V:  0.000 Cache: 345s/62MB
AV: 00:17:54 / 00:23:40 (76%) A-V:  0.000 Cache: 344s/62MB
AV: 00:17:55 / 00:23:40 (76%) A-V:  0.000 Cache: 344s/62MB
AV: 00:17:55 / 00:23:40 (76%) A-V:  0.000 Cache: 343s/62MB
AV: 00:17:56 / 00:23:40 (76%) A-V:  0.000 Cache: 343s/62MB
AV: 00:17:56 / 00:23:40 (76%) A-V:  0.000 Cache: 342s/62MB
AV: 00:17:57 / 00:23:40 (76%) A-V:  0.000 Cache: 342s/62MB
AV: 00:17:57 / 00:23:40 (76%) A-V:  0.000 Cache: 341s/62MB
AV: 00:17:58 / 00:23:40 (76%) A-V:  0.000 Cache: 341s/62MB
AV: 00:17:58 / 00:23:40 (76%) A-V:  0.000 Cache: 340s/62MB
AV: 00:17:53 / 00:23:40 (76%) A-V:  0.000 Cache: 355s/64MB
AV: 00:17:44 / 00:23:40 (75%) A-V:  0.000 Cache: 355s/64MB
AV: 00:17:44 / 00:23:40 (75%) A-V:  0.000 Cache: 354s/64MB
AV: 00:17:45 / 00:23:40 (75%) A-V:  0.000 Cache: 354s/64MB
AV: 00:17:45 / 00:23:40 (75%) A-V:  0.000 Cache: 353s/64MB
AV: 00:17:46 / 00:23:40 (75%) A-V:  0.000 Cache: 353s/64MB
AV: 00:17:46 / 00:23:40 (75%) A-V:  0.000 Cache: 352s/64MB
AV: 00:17:47 / 00:23:40 (75%) A-V:  0.000 Cache: 352s/64MB
AV: 00:17:47 / 00:23:40 (75%) A-V:  0.000 Cache: 352s/63MB
AV: 00:17:47 / 00:23:40 (75%) A-V:  0.000 Cache: 351s/63MB
AV: 00:17:48 / 00:23:40 (75%) A-V:  0.000 Cache: 351s/63MB
AV: 00:17:48 / 00:23:40 (75%) A-V:  0.000 Cache: 350s/63MB
AV: 00:17:49 / 00:23:40 (75%) A-V:  0.000 Cache: 350s/63MB
AV: 00:17:49 / 00:23:40 (75%) A-V:  0.000 Cache: 349s/63MB
AV: 00:17:50 / 00:23:40 (75%) A-V:  0.000 Cache: 349s/63MB
AV: 00:17:50 / 00:23:40 (75%) A-V:  0.000 Cache: 348s/63MB
AV: 00:17:51 / 00:23:40 (75%) A-V:  0.000 Cache: 348s/63MB
AV: 00:17:51 / 00:23:40 (75%) A-V:  0.000 Cache: 347s/63MB
AV: 00:17:52 / 00:23:40 (75%) A-V:  0.000 Cache: 347s/63MB
AV: 00:17:52 / 00:23:40 (76%) A-V:  0.000 Cache: 347s/63MB
AV: 00:17:52 / 00:23:40 (76%) A-V:  0.000 Cache: 346s/63MB
AV: 00:17:52 / 00:23:40 (76%) A-V:  0.000 Cache: 346s/62MB
AV: 00:17:53 / 00:23:40 (76%) A-V:  0.000 Cache: 346s/62MB
AV: 00:17:53 / 00:23:40 (76%) A-V:  0.000 Cache: 345s/62MB
AV: 00:17:54 / 00:23:40 (76%) A-V:  0.000 Cache: 345s/62MB
AV: 00:17:54 / 00:23:40 (76%) A-V:  0.000 Cache: 344s/62MB
AV: 00:17:55 / 00:23:40 (76%) A-V:  0.000 Cache: 344s/62MB
AV: 00:17:55 / 00:23:40 (76%) A-V:  0.000 Cache: 343s/62MB
AV: 00:17:56 / 00:23:40 (76%) A-V:  0.000 Cache: 343s/62MB
AV: 00:17:56 / 00:23:40 (76%) A-V:  0.000 Cache: 342s/62MB
AV: 00:17:57 / 00:23:40 (76%) A-V:  0.000 Cache: 342s/62MB
AV: 00:17:57 / 00:23:40 (76%) A-V:  0.000 Cache: 341s/62MB
AV: 00:17:58 / 00:23:40 (76%) A-V:  0.000 Cache: 341s/62MB
AV: 00:17:58 / 00:23:40 (76%) A-V:  0.000 Cache: 340s/62MB
AV: 00:17:59 / 00:23:40 (76%) A-V:  0.000 Cache: 340s/62MB
AV: 00:17:59 / 00:23:40 (76%) A-V:  0.000 Cache: 339s/62MB
AV: 00:18:00 / 00:23:40 (76%) A-V:  0.000 Cache: 339s/62MB
(Paused) AV: 00:18:00 / 00:23:40 (76%) A-V:  0.000 Cache: 339s/62MB
AV: 00:18:00 / 00:23:40 (76%) A-V:  0.000 Cache: 339s/62MB
AV: 00:18:00 / 00:23:40 (76%) A-V:  0.000 Cache: 338s/62MB
AV: 00:18:00 / 00:23:40 (76%) A-V:  0.000 Cache: 338s/61MB
AV: 00:18:01 / 00:23:40 (76%) A-V:  0.000 Cache: 338s/61MB
AV: 00:18:01 / 00:23:40 (76%) A-V:  0.000 Cache: 337s/61MB
AV: 00:18:02 / 00:23:40 (76%) A-V:  0.000 Cache: 337s/61MB
AV: 00:18:02 / 00:23:40 (76%) A-V:  0.000 Cache: 336s/61MB
AV: 00:18:03 / 00:23:40 (76%) A-V:  0.000 Cache: 336s/61MB
AV: 00:18:03 / 00:23:40 (76%) A-V:  0.000 Cache: 335s/61MB
AV: 00:18:04 / 00:23:40 (76%) A-V:  0.000 Cache: 335s/61MB
AV: 00:18:04 / 00:23:40 (76%) A-V:  0.000 Cache: 334s/61MB
AV: 00:18:05 / 00:23:40 (76%) A-V:  0.000 Cache: 334s/61MB
AV: 00:18:10 / 00:23:40 (77%) A-V:  0.000 Cache: 325s/60MB
AV: 00:18:14 / 00:23:40 (77%) A-V:  0.000 Cache: 325s/60MB
AV: 00:18:14 / 00:23:40 (77%) A-V:  0.000 Cache: 324s/60MB
AV: 00:18:19 / 00:23:40 (77%) A-V:  0.000 Cache: 315s/59MB
AV: 00:18:24 / 00:23:40 (78%) A-V:  0.000 Cache: 315s/59MB
AV: 00:18:24 / 00:23:40 (78%) A-V: -0.000 Cache: 315s/59MB
AV: 00:18:24 / 00:23:40 (78%) A-V:  0.000 Cache: 315s/59MB
AV: 00:18:29 / 00:23:40 (78%) A-V:  0.000 Cache: 305s/55MB
AV: 00:18:34 / 00:23:40 (78%) A-V:  0.000 Cache: 305s/55MB
AV: 00:18:39 / 00:23:40 (79%) A-V:  0.000 Cache: 295s/53MB
AV: 00:18:44 / 00:23:40 (79%) A-V:  0.000 Cache: 295s/53MB
AV: 00:18:44 / 00:23:40 (79%) A-V: -0.000 Cache: 295s/53MB
AV: 00:18:44 / 00:23:40 (79%) A-V:  0.000 Cache: 295s/53MB
AV: 00:18:49 / 00:23:40 (80%) A-V:  0.000 Cache: 285s/51MB
AV: 00:18:54 / 00:23:40 (80%) A-V:  0.000 Cache: 285s/51MB
AV: 00:18:54 / 00:23:40 (80%) A-V: -0.000 Cache: 285s/51MB
AV: 00:18:54 / 00:23:40 (80%) A-V:  0.000 Cache: 285s/51MB
AV: 00:18:59 / 00:23:40 (80%) A-V:  0.000 Cache: 275s/50MB
AV: 00:19:04 / 00:23:40 (81%) A-V:  0.000 Cache: 275s/50MB
AV: 00:19:04 / 00:23:40 (81%) A-V:  0.000 Cache: 275s/49MB
AV: 00:19:09 / 00:23:40 (81%) A-V:  0.000 Cache: 265s/48MB
AV: 00:19:14 / 00:23:40 (81%) A-V:  0.000 Cache: 265s/48MB
AV: 00:19:19 / 00:23:40 (82%) A-V:  0.000 Cache: 255s/46MB
AV: 00:19:24 / 00:23:40 (82%) A-V:  0.000 Cache: 255s/46MB
AV: 00:19:24 / 00:23:40 (82%) A-V:  0.000 Cache: 254s/46MB
AV: 00:19:29 / 00:23:40 (82%) A-V:  0.000 Cache: 245s/45MB
AV: 00:19:34 / 00:23:40 (83%) A-V:  0.000 Cache: 245s/45MB
AV: 00:19:34 / 00:23:40 (83%) A-V:  0.000 Cache: 244s/45MB
AV: 00:19:35 / 00:23:40 (83%) A-V:  0.000 Cache: 244s/45MB
AV: 00:19:40 / 00:23:40 (83%) A-V:  0.000 Cache: 235s/44MB
AV: 00:19:44 / 00:23:40 (83%) A-V:  0.000 Cache: 235s/44MB
AV: 00:19:44 / 00:23:40 (83%) A-V:  0.000 Cache: 234s/44MB
AV: 00:19:45 / 00:23:40 (83%) A-V:  0.000 Cache: 234s/44MB
AV: 00:19:40 / 00:23:40 (83%) A-V:  0.000 Cache: 245s/45MB
AV: 00:19:34 / 00:23:40 (83%) A-V:  0.000 Cache: 245s/45MB
AV: 00:19:34 / 00:23:40 (83%) A-V:  0.000 Cache: 244s/45MB
AV: 00:19:35 / 00:23:40 (83%) A-V:  0.000 Cache: 244s/45MB
AV: 00:19:35 / 00:23:40 (83%) A-V:  0.000 Cache: 243s/45MB
AV: 00:19:36 / 00:23:40 (83%) A-V:  0.000 Cache: 243s/45MB
AV: 00:19:36 / 00:23:40 (83%) A-V:  0.000 Cache: 242s/45MB
AV: 00:19:37 / 00:23:40 (83%) A-V:  0.000 Cache: 242s/45MB
AV: 00:19:37 / 00:23:40 (83%) A-V:  0.000 Cache: 241s/45MB
AV: 00:19:38 / 00:23:40 (83%) A-V:  0.000 Cache: 241s/45MB
AV: 00:19:38 / 00:23:40 (83%) A-V:  0.000 Cache: 240s/45MB
AV: 00:19:39 / 00:23:40 (83%) A-V:  0.000 Cache: 240s/45MB
AV: 00:19:39 / 00:23:40 (83%) A-V:  0.000 Cache: 239s/45MB
AV: 00:19:40 / 00:23:40 (83%) A-V:  0.000 Cache: 239s/45MB
AV: 00:19:40 / 00:23:40 (83%) A-V:  0.000 Cache: 238s/45MB
AV: 00:19:41 / 00:23:40 (83%) A-V:  0.000 Cache: 238s/45MB
AV: 00:19:41 / 00:23:40 (83%) A-V:  0.000 Cache: 237s/45MB
AV: 00:19:41 / 00:23:40 (83%) A-V:  0.000 Cache: 237s/44MB
AV: 00:19:42 / 00:23:40 (83%) A-V:  0.000 Cache: 237s/44MB
AV: 00:19:42 / 00:23:40 (83%) A-V:  0.000 Cache: 236s/44MB
AV: 00:19:43 / 00:23:40 (83%) A-V:  0.000 Cache: 236s/44MB
AV: 00:19:43 / 00:23:40 (83%) A-V:  0.000 Cache: 235s/44MB
AV: 00:19:44 / 00:23:40 (83%) A-V:  0.000 Cache: 235s/44MB
AV: 00:19:44 / 00:23:40 (83%) A-V:  0.000 Cache: 234s/44MB
AV: 00:19:45 / 00:23:40 (83%) A-V:  0.000 Cache: 234s/44MB
AV: 00:19:45 / 00:23:40 (83%) A-V:  0.000 Cache: 233s/44MB
AV: 00:19:45 / 00:23:40 (84%) A-V:  0.000 Cache: 233s/44MB
AV: 00:19:46 / 00:23:40 (84%) A-V:  0.000 Cache: 233s/44MB
AV: 00:19:46 / 00:23:40 (84%) A-V:  0.000 Cache: 232s/44MB
AV: 00:19:47 / 00:23:40 (84%) A-V:  0.000 Cache: 232s/44MB
AV: 00:19:47 / 00:23:40 (84%) A-V:  0.000 Cache: 231s/44MB
AV: 00:19:48 / 00:23:40 (84%) A-V:  0.000 Cache: 231s/44MB
AV: 00:19:48 / 00:23:40 (84%) A-V:  0.000 Cache: 230s/44MB
AV: 00:19:49 / 00:23:40 (84%) A-V:  0.000 Cache: 230s/44MB
AV: 00:19:49 / 00:23:40 (84%) A-V:  0.000 Cache: 229s/44MB
AV: 00:19:50 / 00:23:40 (84%) A-V:  0.000 Cache: 229s/44MB
AV: 00:19:50 / 00:23:40 (84%) A-V:  0.000 Cache: 228s/44MB
AV: 00:19:51 / 00:23:40 (84%) A-V:  0.000 Cache: 228s/44MB
AV: 00:19:51 / 00:23:40 (84%) A-V:  0.000 Cache: 228s/43MB
AV: 00:19:51 / 00:23:40 (84%) A-V:  0.000 Cache: 227s/43MB
AV: 00:19:52 / 00:23:40 (84%) A-V:  0.000 Cache: 227s/43MB
AV: 00:19:52 / 00:23:40 (84%) A-V:  0.000 Cache: 226s/43MB
AV: 00:19:53 / 00:23:40 (84%) A-V:  0.000 Cache: 226s/43MB
AV: 00:19:53 / 00:23:40 (84%) A-V:  0.000 Cache: 225s/43MB
AV: 00:19:54 / 00:23:40 (84%) A-V:  0.000 Cache: 225s/43MB
AV: 00:19:54 / 00:23:40 (84%) A-V:  0.000 Cache: 224s/43MB
AV: 00:19:55 / 00:23:40 (84%) A-V:  0.000 Cache: 224s/43MB
AV: 00:19:55 / 00:23:40 (84%) A-V:  0.000 Cache: 223s/43MB
AV: 00:19:56 / 00:23:40 (84%) A-V:  0.000 Cache: 223s/43MB
AV: 00:19:56 / 00:23:40 (84%) A-V:  0.000 Cache: 222s/43MB
AV: 00:19:57 / 00:23:40 (84%) A-V:  0.000 Cache: 222s/43MB
AV: 00:19:57 / 00:23:40 (84%) A-V:  0.000 Cache: 221s/43MB
AV: 00:19:58 / 00:23:40 (84%) A-V:  0.000 Cache: 221s/43MB
AV: 00:19:58 / 00:23:40 (84%) A-V:  0.000 Cache: 220s/43MB
AV: 00:19:59 / 00:23:40 (84%) A-V:  0.000 Cache: 220s/43MB
AV: 00:19:59 / 00:23:40 (84%) A-V:  0.000 Cache: 219s/43MB
AV: 00:20:00 / 00:23:40 (84%) A-V:  0.000 Cache: 219s/43MB
AV: 00:20:00 / 00:23:40 (85%) A-V:  0.000 Cache: 219s/43MB
AV: 00:20:00 / 00:23:40 (85%) A-V:  0.000 Cache: 218s/43MB
AV: 00:20:01 / 00:23:40 (85%) A-V:  0.000 Cache: 218s/43MB
AV: 00:20:01 / 00:23:40 (85%) A-V:  0.000 Cache: 217s/43MB
AV: 00:20:02 / 00:23:40 (85%) A-V:  0.000 Cache: 217s/43MB
AV: 00:20:02 / 00:23:40 (85%) A-V:  0.000 Cache: 216s/43MB
AV: 00:20:03 / 00:23:40 (85%) A-V:  0.000 Cache: 216s/43MB
AV: 00:20:03 / 00:23:40 (85%) A-V:  0.000 Cache: 216s/42MB
AV: 00:20:03 / 00:23:40 (85%) A-V:  0.000 Cache: 215s/42MB
AV: 00:20:04 / 00:23:40 (85%) A-V:  0.000 Cache: 215s/42MB
AV: 00:20:04 / 00:23:40 (85%) A-V:  0.000 Cache: 214s/42MB
AV: 00:20:05 / 00:23:40 (85%) A-V:  0.000 Cache: 214s/42MB
AV: 00:20:05 / 00:23:40 (85%) A-V:  0.000 Cache: 213s/42MB
AV: 00:20:06 / 00:23:40 (85%) A-V:  0.000 Cache: 213s/42MB
AV: 00:20:06 / 00:23:40 (85%) A-V:  0.000 Cache: 212s/42MB
AV: 00:20:07 / 00:23:40 (85%) A-V:  0.000 Cache: 212s/42MB
AV: 00:20:12 / 00:23:40 (85%) A-V:  0.000 Cache: 205s/41MB
AV: 00:20:14 / 00:23:40 (85%) A-V:  0.000 Cache: 205s/41MB
AV: 00:20:14 / 00:23:40 (86%) A-V:  0.000 Cache: 205s/41MB
AV: 00:20:14 / 00:23:40 (86%) A-V:  0.000 Cache: 204s/41MB
AV: 00:20:19 / 00:23:40 (86%) A-V:  0.000 Cache: 195s/40MB
AV: 00:20:24 / 00:23:40 (86%) A-V:  0.000 Cache: 195s/40MB
AV: 00:20:24 / 00:23:40 (86%) A-V:  0.000 Cache: 194s/40MB
AV: 00:20:25 / 00:23:40 (86%) A-V:  0.000 Cache: 194s/40MB
AV: 00:20:25 / 00:23:40 (86%) A-V:  0.000 Cache: 193s/40MB
AV: 00:20:30 / 00:23:40 (87%) A-V:  0.000 Cache: 185s/39MB
AV: 00:20:34 / 00:23:40 (87%) A-V:  0.000 Cache: 185s/39MB
AV: 00:20:34 / 00:23:40 (87%) A-V: -0.000 Cache: 185s/39MB
AV: 00:20:34 / 00:23:40 (87%) A-V:  0.000 Cache: 185s/39MB
AV: 00:20:34 / 00:23:40 (87%) A-V: -0.000 Cache: 185s/39MB
AV: 00:20:34 / 00:23:40 (87%) A-V:  0.000 Cache: 185s/39MB
AV: 00:20:34 / 00:23:40 (87%) A-V:  0.000 Cache: 184s/39MB
AV: 00:20:39 / 00:23:40 (87%) A-V:  0.000 Cache: 175s/37MB
AV: 00:20:44 / 00:23:40 (88%) A-V: -0.000 Cache: 175s/37MB
AV: 00:20:44 / 00:23:40 (88%) A-V:  0.000 Cache: 175s/37MB
AV: 00:20:44 / 00:23:40 (88%) A-V:  0.000 Cache: 174s/37MB
AV: 00:20:45 / 00:23:40 (88%) A-V:  0.000 Cache: 174s/37MB
AV: 00:20:45 / 00:23:40 (88%) A-V:  0.000 Cache: 173s/37MB
AV: 00:20:46 / 00:23:40 (88%) A-V:  0.000 Cache: 173s/37MB
AV: 00:20:51 / 00:23:40 (88%) A-V:  0.000 Cache: 165s/36MB
AV: 00:20:54 / 00:23:40 (88%) A-V:  0.000 Cache: 165s/36MB
AV: 00:20:54 / 00:23:40 (88%) A-V:  0.000 Cache: 164s/36MB
AV: 00:20:59 / 00:23:40 (89%) A-V:  0.000 Cache: 155s/35MB
AV: 00:21:04 / 00:23:40 (89%) A-V:  0.000 Cache: 155s/35MB
AV: 00:21:04 / 00:23:40 (89%) A-V: -0.000 Cache: 155s/35MB
AV: 00:21:04 / 00:23:40 (89%) A-V:  0.000 Cache: 155s/35MB
AV: 00:21:04 / 00:23:40 (89%) A-V:  0.000 Cache: 154s/35MB
AV: 00:21:05 / 00:23:40 (89%) A-V:  0.000 Cache: 154s/35MB
AV: 00:21:05 / 00:23:40 (89%) A-V:  0.000 Cache: 153s/35MB
AV: 00:21:06 / 00:23:40 (89%) A-V:  0.000 Cache: 153s/35MB
AV: 00:21:06 / 00:23:40 (89%) A-V:  0.000 Cache: 152s/35MB
AV: 00:21:07 / 00:23:40 (89%) A-V:  0.000 Cache: 152s/35MB
AV: 00:21:12 / 00:23:40 (90%) A-V:  0.000 Cache: 145s/34MB
AV: 00:21:14 / 00:23:40 (90%) A-V:  0.000 Cache: 145s/34MB
AV: 00:21:14 / 00:23:40 (90%) A-V:  0.000 Cache: 144s/34MB
AV: 00:21:15 / 00:23:40 (90%) A-V:  0.000 Cache: 144s/34MB
AV: 00:21:15 / 00:23:40 (90%) A-V:  0.000 Cache: 143s/34MB
AV: 00:21:15 / 00:23:40 (90%) A-V:  0.000 Cache: 143s/33MB
AV: 00:21:16 / 00:23:40 (90%) A-V:  0.000 Cache: 143s/33MB
AV: 00:21:16 / 00:23:40 (90%) A-V:  0.000 Cache: 142s/33MB
AV: 00:21:17 / 00:23:40 (90%) A-V:  0.000 Cache: 142s/33MB
AV: 00:21:17 / 00:23:40 (90%) A-V:  0.000 Cache: 141s/33MB
AV: 00:21:18 / 00:23:40 (90%) A-V:  0.000 Cache: 141s/33MB
AV: 00:21:18 / 00:23:40 (90%) A-V:  0.000 Cache: 140s/33MB
AV: 00:21:23 / 00:23:40 (90%) A-V:  0.000 Cache: 135s/33MB
AV: 00:21:24 / 00:23:40 (90%) A-V:  0.000 Cache: 135s/33MB
AV: 00:21:24 / 00:23:40 (90%) A-V:  0.000 Cache: 134s/33MB
AV: 00:21:29 / 00:23:40 (91%) A-V:  0.000 Cache: 125s/31MB
AV: 00:21:34 / 00:23:40 (91%) A-V:  0.000 Cache: 125s/31MB
AV: 00:21:34 / 00:23:40 (91%) A-V:  0.000 Cache: 124s/31MB
AV: 00:21:39 / 00:23:40 (92%) A-V:  0.000 Cache: 115s/29MB
AV: 00:21:44 / 00:23:40 (92%) A-V: -0.000 Cache: 115s/29MB
AV: 00:21:44 / 00:23:40 (92%) A-V:  0.000 Cache: 115s/29MB
AV: 00:21:44 / 00:23:40 (92%) A-V:  0.000 Cache: 114s/29MB
AV: 00:21:45 / 00:23:40 (92%) A-V:  0.000 Cache: 114s/29MB
AV: 00:21:45 / 00:23:40 (92%) A-V:  0.000 Cache: 114s/28MB
AV: 00:21:50 / 00:23:40 (92%) A-V:  0.000 Cache: 105s/26MB
AV: 00:21:54 / 00:23:40 (93%) A-V: -0.000 Cache: 105s/26MB
AV: 00:21:54 / 00:23:40 (93%) A-V:  0.000 Cache: 105s/26MB
AV: 00:21:54 / 00:23:40 (93%) A-V: -0.000 Cache: 105s/26MB
AV: 00:21:54 / 00:23:40 (93%) A-V:  0.000 Cache: 105s/26MB
AV: 00:21:54 / 00:23:40 (93%) A-V:  0.000 Cache: 104s/26MB
AV: 00:21:59 / 00:23:40 (93%) A-V:  0.000 Cache: 95s/24MB
AV: 00:22:04 / 00:23:40 (93%) A-V:  0.000 Cache: 95s/24MB
AV: 00:22:04 / 00:23:40 (93%) A-V:  0.000 Cache: 94s/24MB
AV: 00:22:05 / 00:23:40 (93%) A-V:  0.000 Cache: 94s/24MB
AV: 00:22:10 / 00:23:40 (94%) A-V:  0.000 Cache: 85s/22MB
AV: 00:22:14 / 00:23:40 (94%) A-V: -0.000 Cache: 85s/22MB
AV: 00:22:14 / 00:23:40 (94%) A-V:  0.000 Cache: 85s/22MB
AV: 00:22:14 / 00:23:40 (94%) A-V: -0.000 Cache: 85s/22MB
AV: 00:22:14 / 00:23:40 (94%) A-V:  0.000 Cache: 85s/22MB
AV: 00:22:14 / 00:23:40 (94%) A-V: -0.000 Cache: 85s/22MB
AV: 00:22:14 / 00:23:40 (94%) A-V:  0.000 Cache: 85s/22MB
AV: 00:22:14 / 00:23:40 (94%) A-V:  0.000 Cache: 84s/22MB
AV: 00:22:19 / 00:23:40 (94%) A-V:  0.000 Cache: 75s/20MB
AV: 00:22:24 / 00:23:40 (95%) A-V:  0.000 Cache: 75s/20MB
AV: 00:22:24 / 00:23:40 (95%) A-V:  0.000 Cache: 75s/19MB
AV: 00:22:24 / 00:23:40 (95%) A-V:  0.000 Cache: 74s/19MB
AV: 00:22:29 / 00:23:40 (95%) A-V:  0.000 Cache: 65s/16MB
AV: 00:22:34 / 00:23:40 (95%) A-V:  0.000 Cache: 65s/16MB
AV: 00:22:39 / 00:23:40 (96%) A-V:  0.000 Cache: 55s/14MB
AV: 00:22:49 / 00:23:40 (96%) A-V:  0.000 Cache: 45s/11MB
AV: 00:23:04 / 00:23:40 (97%) A-V:  0.000 Cache: 35s/7MB
AV: 00:23:14 / 00:23:40 (98%) A-V:  0.000 Cache: 25s/4MB
AV: 00:23:19 / 00:23:40 (99%) A-V:  0.000 Cache: 15s/2MB
AV: 00:23:34 / 00:23:40 (100%) A-V:  0.000 Cache: 5.3s/721KB
Exiting... (End of file)
